2026-03-22 01:03:37 | INFO     | log_manager          | [LogManager] Inicializado
2026-03-22 01:03:41 | DEBUG    | asyncio              | Using proactor: IocpProactor
2026-03-22 01:03:41 | WARNING  | api                  | [SECURITY] CORS allow_origins=['*'] — defina CORS_ORIGINS no .env para produçăo
2026-03-22 01:03:41 | INFO     | api                  | [OK] Rotas de autenticaçăo (nova)
2026-03-22 01:03:41 | INFO     | api                  | [OK] Rotas de autotrade (nova)
2026-03-22 01:03:41 | INFO     | api                  | [OK] Rotas de sistema
2026-03-22 01:03:41 | INFO     | api                  | [OK] Rotas de estratégias
2026-03-22 01:03:41 | INFO     | api                  | [OK] Rotas de estratégias pessoais
2026-03-22 01:03:41 | INFO     | api                  | [OK] Rota /indicators adicionada
2026-03-22 01:03:41 | INFO     | api                  | === API INICIALIZADA ===
2026-03-22 01:03:41 | INFO     | __main__             | ============================================================
2026-03-22 01:03:41 | INFO     | __main__             | Iniciando Sistema de Trading PocketOption
2026-03-22 01:03:41 | INFO     | __main__             | ============================================================
2026-03-22 01:03:41 | INFO     | __main__             | Chamando engine.start()...
2026-03-22 01:03:41 | INFO     | engine               | Iniciando TradingEngine...
2026-03-22 01:03:41 | INFO     | database             | Iniciando DatabaseManager...
2026-03-22 01:03:41 | INFO     | database             | Verificando se o banco 'trading_db' existe...
2026-03-22 01:03:41 | INFO     | database             | [OK] Banco de dados 'trading_db' já existe
2026-03-22 01:03:41 | INFO     | database             | Criando tabelas no banco de dados...
2026-03-22 01:03:41 | INFO     | database             | [OK] Tabelas garantidas: ['users', 'autotrade_config', 'accounts_monitoring', 'user_strategies']
2026-03-22 01:03:41 | INFO     | database             | [OK] Tabela autotrade_session_state nao existe -- migracao nao necessaria
2026-03-22 01:03:41 | DEBUG    | database             | [DB] Sessăo aberta do pool
2026-03-22 01:03:41 | INFO     | database             | [OK] accounts_monitoring já possui dados
2026-03-22 01:03:41 | INFO     | database             | [OK] Usuário admin já existe com autotrade 'Scalping5s' — sem alteraçőes
2026-03-22 01:03:41 | DEBUG    | database             | [DB] Sessăo commitada
2026-03-22 01:03:41 | DEBUG    | database             | [DB] Sessăo devolvida ao pool
2026-03-22 01:03:41 | DEBUG    | database             | [DB] Sessăo aberta do pool
2026-03-22 01:03:41 | DEBUG    | database             | [DB] Sessăo commitada
2026-03-22 01:03:41 | DEBUG    | database             | [DB] Sessăo devolvida ao pool
2026-03-22 01:03:41 | INFO     | database             | [OK] DatabaseManager conectado | Pool: 20/10
2026-03-22 01:03:41 | INFO     | engine               | [OK] DatabaseManager inicializado
2026-03-22 01:03:41 | DEBUG    | database             | [DB] Sessăo aberta do pool
2026-03-22 01:03:42 | INFO     | autotrade_dao        | [AUTOTRADE DAO] Config do admin já existe com estratégia 'Scalping5s' — sem alteraçőes
2026-03-22 01:03:42 | DEBUG    | database             | [DB] Sessăo commitada
2026-03-22 01:03:42 | DEBUG    | database             | [DB] Sessăo devolvida ao pool
2026-03-22 01:03:42 | INFO     | autotrade_dao        | [OK] AutotradeDAO inicializado
2026-03-22 01:03:42 | INFO     | engine               | [OK] AutotradeDAO inicializado - Admin vinculado ŕ estratégia Scalping5s
2026-03-22 01:03:42 | INFO     | redis_cache          | [REDIS] Conectando...
2026-03-22 01:03:42 | INFO     | redis_cache          | [REDIS] Conectado: localhost:6379/0
2026-03-22 01:03:42 | INFO     | engine               | [OK] Redis cache conectado para payouts
2026-03-22 01:03:42 | INFO     | cache_manager        | CacheManager iniciado (max: 512 MB, TTL: 60s)
2026-03-22 01:03:42 | INFO     | cache_manager        | [CACHE] Stats: 0 entradas, 0.00MB, hit_rate: 0%
2026-03-22 01:03:42 | INFO     | engine               | [OK] CacheManager iniciado
2026-03-22 01:03:42 | INFO     | connection_manager   | ConnectionManager iniciado (max: 1000, payout_reconnect: 300s)
2026-03-22 01:03:42 | INFO     | engine               | [OK] ConnectionManager iniciado
2026-03-22 01:03:42 | INFO     | data_collector       | [DataCollector] Configurado (max: 10, min_payout: 70.0%)
2026-03-22 01:03:42 | INFO     | data_collector       | [DataCollector] Iniciando...
2026-03-22 01:03:42 | INFO     | data_collector       | [DataCollector] Nenhum arquivo órfăo encontrado
2026-03-22 01:03:42 | INFO     | data_collector       | [DataCollector] Storage flush task iniciado
2026-03-22 01:03:42 | INFO     | data_collector       | [DataCollector] Periodic cleanup task iniciado
2026-03-22 01:03:42 | INFO     | data_collector       | [DataCollector] Iniciado
2026-03-22 01:03:42 | INFO     | engine               | [OK] DataCollectorManager iniciado
2026-03-22 01:03:42 | INFO     | user_manager         | UserManager iniciado (max: 1000 usuários)
2026-03-22 01:03:42 | INFO     | engine               | [OK] UserManager iniciado com banco de dados
2026-03-22 01:03:42 | INFO     | user_manager         | [UserManager] ConnectionManager configurado
2026-03-22 01:03:42 | INFO     | signal_manager       | [SignalManager] Engine configurada para execuçăo automática
2026-03-22 01:03:42 | INFO     | signal_manager       | SignalManager iniciado
2026-03-22 01:03:42 | INFO     | engine               | [OK] SignalManager iniciado
2026-03-22 01:03:42 | INFO     | indicator_manager    | IndicatorManager iniciado
2026-03-22 01:03:42 | INFO     | indicator_manager    | Indicadores disponíveis: ['sma', 'ema', 'rsi', 'macd', 'bb', 'atr', 'stochastic']
2026-03-22 01:03:42 | INFO     | engine               | [OK] IndicatorManager iniciado
2026-03-22 01:03:42 | INFO     | notification_manager | NotificationManager iniciado (provider: firebase)
2026-03-22 01:03:42 | INFO     | engine               | [OK] NotificationManager iniciado
2026-03-22 01:03:42 | INFO     | strategy_manager     | Estratégias registradas: ['Scalping5s', 'TrendM1']
2026-03-22 01:03:42 | INFO     | strategy_manager     | StrategyManager iniciado | indicator_manager=True
2026-03-22 01:03:42 | INFO     | engine               | [OK] StrategyManager iniciado
2026-03-22 01:03:42 | INFO     | trade_executor       | TradeExecutor iniciado (usando ConnectionManager)
2026-03-22 01:03:42 | INFO     | engine               | [OK] TradeExecutor iniciado
2026-03-22 01:03:42 | INFO     | connection_manager   | [ConnectionManager] DataCollector configurado
2026-03-22 01:03:42 | INFO     | autotrade_manager    | [AutotradeManager] Dependęncias definidas: connection_manager, user_manager
2026-03-22 01:03:42 | INFO     | autotrade_manager    | [AutotradeManager] Iniciando monitor de configs...
2026-03-22 01:03:42 | DEBUG    | database             | [DB] Sessăo aberta do pool
2026-03-22 01:03:42 | DEBUG    | autotrade_manager    | Full refresh concluído em 0.011s: 0 ativos
2026-03-22 01:03:42 | DEBUG    | database             | [DB] Sessăo commitada
2026-03-22 01:03:42 | DEBUG    | database             | [DB] Sessăo devolvida ao pool
2026-03-22 01:03:42 | INFO     | engine               | [OK] AutotradeManager iniciado
2026-03-22 01:03:42 | INFO     | strategy_manager     | [StrategyManager] DataCollector configurado
2026-03-22 01:03:42 | INFO     | engine               | [Engine] Callback payout_update registrado no ConnectionManager
2026-03-22 01:03:42 | INFO     | system_health        | [Health] Iniciando SystemHealthManager...
2026-03-22 01:03:42 | INFO     | system_health        | [Health] SystemHealthManager iniciado
2026-03-22 01:03:42 | INFO     | engine               | [OK] SystemHealthManager iniciado
2026-03-22 01:03:42 | INFO     | system_health        | [Health] Componente registrado: cache
2026-03-22 01:03:42 | INFO     | system_health        | [Health] Componente registrado: users
2026-03-22 01:03:42 | INFO     | system_health        | [Health] Componente registrado: signals
2026-03-22 01:03:42 | INFO     | system_health        | [Health] Componente registrado: indicators
2026-03-22 01:03:42 | INFO     | system_health        | [Health] Componente registrado: connection
2026-03-22 01:03:42 | INFO     | system_health        | [Health] Componente registrado: notifications
2026-03-22 01:03:42 | INFO     | system_health        | [Health] Componente registrado: strategy
2026-03-22 01:03:42 | INFO     | system_health        | [Health] Componente registrado: trade_executor
2026-03-22 01:03:42 | INFO     | system_health        | [Health] Componente registrado: autotrade
2026-03-22 01:03:42 | INFO     | system_health        | [Health] Componente registrado: data_collector
2026-03-22 01:03:42 | INFO     | engine               | Integraçăo entre componentes configurada
2026-03-22 01:03:42 | INFO     | engine               | [OK] TradingEngine iniciado com sucesso!
2026-03-22 01:03:42 | INFO     | engine               | [OK] API disponível - Contas de monitoramento conectando em paralelo...
2026-03-22 01:03:42 | INFO     | __main__             | [OK] Engine iniciado com sucesso
2026-03-22 01:03:42 | INFO     | auth_service         | [AUTH] UserManager configurado
2026-03-22 01:03:42 | INFO     | __main__             | [OK] UserManager injetado (nova estrutura)
2026-03-22 01:03:42 | INFO     | __main__             | API disponível em http://0.0.0.0:8000
2026-03-22 01:03:42 | INFO     | __main__             | Pressione Ctrl+C para parar o sistema
2026-03-22 01:03:42 | INFO     | system_health        | [Health] Status: healthy=10 | degraded=0 | error=0 | unknown=0 | uptime=0s
2026-03-22 01:03:42 | INFO     | __main__             | API iniciada
2026-03-22 01:03:44 | INFO     | data_collector       | [DataCollector] Iniciando conexăo de contas de monitoramento...
2026-03-22 01:03:44 | INFO     | data_collector       | [DataCollector] Buscando contas de monitoramento...
2026-03-22 01:03:44 | DEBUG    | database             | [DB] Sessăo aberta do pool
2026-03-22 01:03:44 | DEBUG    | database             | [DB] Sessăo commitada
2026-03-22 01:03:44 | DEBUG    | database             | [DB] Sessăo devolvida ao pool
2026-03-22 01:03:44 | INFO     | data_collector       | [DataCollector] Encontradas 2 contas
2026-03-22 01:03:44 | INFO     | data_collector       | [DataCollector] Conectando conta: payout
2026-03-22 01:03:44 | INFO     | __main__             | API finalizada
2026-03-22 01:03:44 | INFO     | __main__             | Sinal 2 recebido, iniciando desligamento...
2026-03-22 01:03:44 | INFO     | __main__             | 
============================================================
2026-03-22 01:03:44 | INFO     | __main__             | Parando Sistema de Trading...
2026-03-22 01:03:44 | INFO     | __main__             | ============================================================
2026-03-22 01:03:44 | INFO     | engine               | Parando TradingEngine...
2026-03-22 01:03:44 | INFO     | autotrade_manager    | [AutotradeManager] Parando...
2026-03-22 01:03:44 | INFO     | autotrade_manager    | AutotradeMonitor parado
2026-03-22 01:03:44 | INFO     | engine               | [OK] AutotradeManager parado
2026-03-22 01:03:44 | INFO     | redis_cache          | [REDIS] Desconectado
2026-03-22 01:03:44 | INFO     | data_collector       | [DataCollector] Parando...
2026-03-22 01:03:44 | INFO     | data_collector       | [DataCollector] Flush final concluído
2026-03-22 01:03:44 | INFO     | data_collector       | [DataCollector] Parado
2026-03-22 01:03:44 | INFO     | autotrade_manager    | [AutotradeManager] Parando...
2026-03-22 01:03:44 | INFO     | autotrade_manager    | AutotradeMonitor parado
2026-03-22 01:03:44 | INFO     | trade_executor       | Parando TradeExecutor...
2026-03-22 01:03:44 | INFO     | trade_executor       | TradeExecutor parado
2026-03-22 01:03:44 | INFO     | strategy_manager     | StrategyManager parado
2026-03-22 01:03:44 | INFO     | notification_manager | NotificationManager parando...
2026-03-22 01:03:44 | INFO     | notification_manager | NotificationManager parado
2026-03-22 01:03:44 | DEBUG    | connection_manager   | Payout reconnect loop cancelado
2026-03-22 01:03:44 | INFO     | connection_manager   | Desconectando 1 conexőes...
2026-03-22 01:03:44 | INFO     | connection_manager   | Usuário monitoring_payout desconectado (estado anterior: connecting)
2026-03-22 01:03:44 | INFO     | connection_manager   | 1/1 conexőes fechadas com sucesso
2026-03-22 01:03:44 | INFO     | connection_manager   | ConnectionManager parado
2026-03-22 01:03:44 | INFO     | indicator_manager    | IndicatorManager parado
2026-03-22 01:03:44 | INFO     | signal_manager       | SignalManager parado
2026-03-22 01:03:44 | INFO     | user_manager         | UserManager parado
2026-03-22 01:03:44 | INFO     | cache_manager        | CacheManager parado
2026-03-22 01:03:44 | INFO     | database             | Parando DatabaseManager...
2026-03-22 01:03:44 | INFO     | database             | DatabaseManager parado
2026-03-22 01:03:44 | INFO     | engine               | TradingEngine parado
2026-03-22 01:03:44 | INFO     | __main__             | Sistema parado com sucesso
