2026-03-22 00:16:14 | INFO     | autotrade_manager    | [AutotradeManager] Dependęncias definidas: connection_manager, user_manager
2026-03-22 00:16:14 | INFO     | autotrade_manager    | [AutotradeManager] Iniciando monitor de configs...
2026-03-22 00:16:14 | INFO     | autotrade_manager    | Autotrade ATIVADO para usuário 94736c7d-e00e-4df7-826b-cfeb4699f225
2026-03-22 00:16:14 | DEBUG    | autotrade_manager    | Full refresh concluído em 0.015s: 1 ativos
2026-03-22 00:16:14 | INFO     | autotrade_manager    | [AutotradeManager] Usuário 94736c7d-e00e-4df7-826b-cfeb4699f225 registrado no UserManager
2026-03-22 00:16:16 | INFO     | autotrade_manager    | [AutotradeManager] Usuário 94736c7d-e00e-4df7-826b-cfeb4699f225 conectado com sucesso
2026-03-22 00:16:22 | DEBUG    | autotrade_manager    | [get_status] Cache válido para 94736c7d-e00e-4df7-826b-cfeb4699f225: enabled=True
2026-03-22 00:16:32 | DEBUG    | autotrade_manager    | [get_status] Cache válido para 94736c7d-e00e-4df7-826b-cfeb4699f225: enabled=True
2026-03-22 00:16:38 | DEBUG    | autotrade_manager    | [get_status] Cache válido para 94736c7d-e00e-4df7-826b-cfeb4699f225: enabled=True
2026-03-22 00:16:54 | DEBUG    | autotrade_manager    | [get_status] Cache expirado para 94736c7d-e00e-4df7-826b-cfeb4699f225
2026-03-22 00:16:54 | DEBUG    | autotrade_manager    | [get_status] Buscando do banco: 94736c7d-e00e-4df7-826b-cfeb4699f225
2026-03-22 00:16:54 | INFO     | autotrade_manager    | [get_status] Status carregado: 94736c7d-e00e-4df7-826b-cfeb4699f225 | enabled=False | strategy=Scalping5s | soros=False | mart=False | reduce=False
2026-03-22 00:16:59 | DEBUG    | autotrade_manager    | [get_status] Cache válido para 94736c7d-e00e-4df7-826b-cfeb4699f225: enabled=False
2026-03-22 00:17:04 | DEBUG    | autotrade_manager    | [get_status] Cache válido para 94736c7d-e00e-4df7-826b-cfeb4699f225: enabled=False
2026-03-22 00:17:14 | DEBUG    | autotrade_manager    | Full refresh concluído em 0.010s: 0 ativos
2026-03-22 00:17:16 | DEBUG    | autotrade_manager    | [get_status] Cache válido para 94736c7d-e00e-4df7-826b-cfeb4699f225: enabled=False
2026-03-22 00:17:26 | DEBUG    | autotrade_manager    | [get_status] Cache expirado para 94736c7d-e00e-4df7-826b-cfeb4699f225
2026-03-22 00:17:26 | DEBUG    | autotrade_manager    | [get_status] Buscando do banco: 94736c7d-e00e-4df7-826b-cfeb4699f225
2026-03-22 00:17:26 | INFO     | autotrade_manager    | [get_status] Status carregado: 94736c7d-e00e-4df7-826b-cfeb4699f225 | enabled=False | strategy=Scalping5s | soros=False | mart=False | reduce=False
2026-03-22 00:17:31 | DEBUG    | autotrade_manager    | [get_status] Cache válido para 94736c7d-e00e-4df7-826b-cfeb4699f225: enabled=False
2026-03-22 00:17:53 | DEBUG    | autotrade_manager    | [get_status] Cache válido para 94736c7d-e00e-4df7-826b-cfeb4699f225: enabled=False
2026-03-22 00:17:58 | DEBUG    | autotrade_manager    | [get_status] Cache expirado para 94736c7d-e00e-4df7-826b-cfeb4699f225
2026-03-22 00:17:58 | DEBUG    | autotrade_manager    | [get_status] Buscando do banco: 94736c7d-e00e-4df7-826b-cfeb4699f225
2026-03-22 00:17:58 | INFO     | autotrade_manager    | [get_status] Status carregado: 94736c7d-e00e-4df7-826b-cfeb4699f225 | enabled=False | strategy=Scalping5s | soros=False | mart=False | reduce=False
2026-03-22 00:18:14 | DEBUG    | autotrade_manager    | [get_status] Cache válido para 94736c7d-e00e-4df7-826b-cfeb4699f225: enabled=False
2026-03-22 00:18:14 | DEBUG    | autotrade_manager    | Full refresh concluído em 0.008s: 0 ativos
2026-03-22 00:18:25 | DEBUG    | autotrade_manager    | [get_status] Cache válido para 94736c7d-e00e-4df7-826b-cfeb4699f225: enabled=False
2026-03-22 00:18:36 | DEBUG    | autotrade_manager    | [get_status] Cache expirado para 94736c7d-e00e-4df7-826b-cfeb4699f225
2026-03-22 00:18:36 | DEBUG    | autotrade_manager    | [get_status] Buscando do banco: 94736c7d-e00e-4df7-826b-cfeb4699f225
2026-03-22 00:18:36 | INFO     | autotrade_manager    | [get_status] Status carregado: 94736c7d-e00e-4df7-826b-cfeb4699f225 | enabled=False | strategy=Scalping5s | soros=False | mart=False | reduce=False
2026-03-22 00:19:13 | DEBUG    | autotrade_manager    | [get_status] Cache expirado para 94736c7d-e00e-4df7-826b-cfeb4699f225
2026-03-22 00:19:13 | DEBUG    | autotrade_manager    | [get_status] Buscando do banco: 94736c7d-e00e-4df7-826b-cfeb4699f225
2026-03-22 00:19:13 | INFO     | autotrade_manager    | [get_status] Status carregado: 94736c7d-e00e-4df7-826b-cfeb4699f225 | enabled=False | strategy=Scalping5s | soros=False | mart=False | reduce=False
2026-03-22 00:19:14 | DEBUG    | autotrade_manager    | Full refresh concluído em 0.006s: 0 ativos
2026-03-22 00:19:23 | DEBUG    | autotrade_manager    | [get_status] Cache válido para 94736c7d-e00e-4df7-826b-cfeb4699f225: enabled=False
2026-03-22 00:19:39 | DEBUG    | autotrade_manager    | [get_status] Cache válido para 94736c7d-e00e-4df7-826b-cfeb4699f225: enabled=False
2026-03-22 00:19:50 | DEBUG    | autotrade_manager    | [get_status] Cache expirado para 94736c7d-e00e-4df7-826b-cfeb4699f225
2026-03-22 00:19:50 | DEBUG    | autotrade_manager    | [get_status] Buscando do banco: 94736c7d-e00e-4df7-826b-cfeb4699f225
2026-03-22 00:19:50 | INFO     | autotrade_manager    | [get_status] Status carregado: 94736c7d-e00e-4df7-826b-cfeb4699f225 | enabled=False | strategy=Scalping5s | soros=False | mart=False | reduce=False
2026-03-22 00:20:01 | DEBUG    | autotrade_manager    | [get_status] Cache válido para 94736c7d-e00e-4df7-826b-cfeb4699f225: enabled=False
2026-03-22 00:20:01 | DEBUG    | autotrade_manager    | [get_status] Cache válido para 94736c7d-e00e-4df7-826b-cfeb4699f225: enabled=False
2026-03-22 00:20:01 | DEBUG    | autotrade_manager    | [get_status] Cache válido para 94736c7d-e00e-4df7-826b-cfeb4699f225: enabled=False
2026-03-22 00:20:06 | DEBUG    | autotrade_manager    | [get_status] Cache válido para 94736c7d-e00e-4df7-826b-cfeb4699f225: enabled=False
2026-03-22 00:20:06 | DEBUG    | autotrade_manager    | [get_status] Cache válido para 94736c7d-e00e-4df7-826b-cfeb4699f225: enabled=False
2026-03-22 00:20:06 | DEBUG    | autotrade_manager    | [get_status] Cache válido para 94736c7d-e00e-4df7-826b-cfeb4699f225: enabled=False
2026-03-22 00:20:14 | DEBUG    | autotrade_manager    | Full refresh concluído em 0.005s: 0 ativos
2026-03-22 00:20:32 | DEBUG    | autotrade_manager    | [get_status] Cache expirado para 94736c7d-e00e-4df7-826b-cfeb4699f225
2026-03-22 00:20:32 | DEBUG    | autotrade_manager    | [get_status] Buscando do banco: 94736c7d-e00e-4df7-826b-cfeb4699f225
2026-03-22 00:20:32 | INFO     | autotrade_manager    | [get_status] Status carregado: 94736c7d-e00e-4df7-826b-cfeb4699f225 | enabled=False | strategy=Scalping5s | soros=False | mart=False | reduce=False
2026-03-22 00:20:59 | DEBUG    | autotrade_manager    | [get_status] Cache válido para 94736c7d-e00e-4df7-826b-cfeb4699f225: enabled=False
2026-03-22 00:21:10 | DEBUG    | autotrade_manager    | [get_status] Cache expirado para 94736c7d-e00e-4df7-826b-cfeb4699f225
2026-03-22 00:21:10 | DEBUG    | autotrade_manager    | [get_status] Buscando do banco: 94736c7d-e00e-4df7-826b-cfeb4699f225
2026-03-22 00:21:10 | INFO     | autotrade_manager    | [get_status] Status carregado: 94736c7d-e00e-4df7-826b-cfeb4699f225 | enabled=False | strategy=Scalping5s | soros=False | mart=False | reduce=False
2026-03-22 00:21:10 | DEBUG    | autotrade_manager    | [get_status] Cache válido para 94736c7d-e00e-4df7-826b-cfeb4699f225: enabled=False
2026-03-22 00:21:14 | DEBUG    | autotrade_manager    | Full refresh concluído em 0.006s: 0 ativos
2026-03-22 00:21:25 | DEBUG    | autotrade_manager    | [get_status] Cache válido para 94736c7d-e00e-4df7-826b-cfeb4699f225: enabled=False
2026-03-22 00:21:40 | DEBUG    | autotrade_manager    | [get_status] Cache expirado para 94736c7d-e00e-4df7-826b-cfeb4699f225
2026-03-22 00:21:40 | DEBUG    | autotrade_manager    | [get_status] Buscando do banco: 94736c7d-e00e-4df7-826b-cfeb4699f225
2026-03-22 00:21:40 | INFO     | autotrade_manager    | [get_status] Status carregado: 94736c7d-e00e-4df7-826b-cfeb4699f225 | enabled=False | strategy=Scalping5s | soros=False | mart=False | reduce=False
2026-03-22 00:22:02 | DEBUG    | autotrade_manager    | [get_status] Cache válido para 94736c7d-e00e-4df7-826b-cfeb4699f225: enabled=False
2026-03-22 00:22:14 | DEBUG    | autotrade_manager    | Full refresh concluído em 0.007s: 0 ativos
2026-03-22 00:22:18 | DEBUG    | autotrade_manager    | [get_status] Cache expirado para 94736c7d-e00e-4df7-826b-cfeb4699f225
2026-03-22 00:22:18 | DEBUG    | autotrade_manager    | [get_status] Buscando do banco: 94736c7d-e00e-4df7-826b-cfeb4699f225
2026-03-22 00:22:18 | INFO     | autotrade_manager    | [get_status] Status carregado: 94736c7d-e00e-4df7-826b-cfeb4699f225 | enabled=False | strategy=Scalping5s | soros=False | mart=False | reduce=False
2026-03-22 00:22:34 | DEBUG    | autotrade_manager    | [get_status] Cache válido para 94736c7d-e00e-4df7-826b-cfeb4699f225: enabled=False
2026-03-22 00:22:49 | DEBUG    | autotrade_manager    | [get_status] Cache expirado para 94736c7d-e00e-4df7-826b-cfeb4699f225
2026-03-22 00:22:49 | DEBUG    | autotrade_manager    | [get_status] Buscando do banco: 94736c7d-e00e-4df7-826b-cfeb4699f225
2026-03-22 00:22:49 | INFO     | autotrade_manager    | [get_status] Status carregado: 94736c7d-e00e-4df7-826b-cfeb4699f225 | enabled=False | strategy=Scalping5s | soros=False | mart=False | reduce=False
2026-03-22 00:22:50 | DEBUG    | autotrade_manager    | [get_status] Cache válido para 94736c7d-e00e-4df7-826b-cfeb4699f225: enabled=False
2026-03-22 00:23:11 | DEBUG    | autotrade_manager    | [get_status] Cache válido para 94736c7d-e00e-4df7-826b-cfeb4699f225: enabled=False
2026-03-22 00:23:15 | DEBUG    | autotrade_manager    | Full refresh concluído em 0.006s: 0 ativos
2026-03-22 00:23:23 | DEBUG    | autotrade_manager    | [get_status] Cache expirado para 94736c7d-e00e-4df7-826b-cfeb4699f225
2026-03-22 00:23:23 | DEBUG    | autotrade_manager    | [get_status] Buscando do banco: 94736c7d-e00e-4df7-826b-cfeb4699f225
2026-03-22 00:23:23 | INFO     | autotrade_manager    | [get_status] Status carregado: 94736c7d-e00e-4df7-826b-cfeb4699f225 | enabled=False | strategy=Scalping5s | soros=False | mart=False | reduce=False
2026-03-22 00:23:27 | DEBUG    | autotrade_manager    | [get_status] Cache válido para 94736c7d-e00e-4df7-826b-cfeb4699f225: enabled=False
2026-03-22 00:23:31 | DEBUG    | autotrade_manager    | [get_status] Cache válido para 94736c7d-e00e-4df7-826b-cfeb4699f225: enabled=False
2026-03-22 00:23:42 | DEBUG    | autotrade_manager    | [get_status] Cache válido para 94736c7d-e00e-4df7-826b-cfeb4699f225: enabled=False
2026-03-22 00:23:44 | DEBUG    | autotrade_manager    | [get_status] Cache válido para 94736c7d-e00e-4df7-826b-cfeb4699f225: enabled=False
2026-03-22 00:23:48 | DEBUG    | autotrade_manager    | [get_status] Cache válido para 94736c7d-e00e-4df7-826b-cfeb4699f225: enabled=False
2026-03-22 00:24:15 | DEBUG    | autotrade_manager    | Full refresh concluído em 0.005s: 0 ativos
2026-03-22 00:24:41 | DEBUG    | autotrade_manager    | [get_status] Cache expirado para 94736c7d-e00e-4df7-826b-cfeb4699f225
2026-03-22 00:24:41 | DEBUG    | autotrade_manager    | [get_status] Buscando do banco: 94736c7d-e00e-4df7-826b-cfeb4699f225
2026-03-22 00:24:41 | INFO     | autotrade_manager    | [get_status] Status carregado: 94736c7d-e00e-4df7-826b-cfeb4699f225 | enabled=False | strategy=Scalping5s | soros=False | mart=False | reduce=False
2026-03-22 00:24:52 | DEBUG    | autotrade_manager    | [get_status] Cache válido para 94736c7d-e00e-4df7-826b-cfeb4699f225: enabled=False
2026-03-22 00:24:52 | DEBUG    | autotrade_manager    | [get_status] Cache válido para 94736c7d-e00e-4df7-826b-cfeb4699f225: enabled=False
2026-03-22 00:25:13 | DEBUG    | autotrade_manager    | [get_status] Cache expirado para 94736c7d-e00e-4df7-826b-cfeb4699f225
2026-03-22 00:25:13 | DEBUG    | autotrade_manager    | [get_status] Buscando do banco: 94736c7d-e00e-4df7-826b-cfeb4699f225
2026-03-22 00:25:13 | INFO     | autotrade_manager    | [get_status] Status carregado: 94736c7d-e00e-4df7-826b-cfeb4699f225 | enabled=False | strategy=Scalping5s | soros=False | mart=False | reduce=False
2026-03-22 00:25:15 | DEBUG    | autotrade_manager    | Full refresh concluído em 0.004s: 0 ativos
2026-03-22 00:25:29 | DEBUG    | autotrade_manager    | [get_status] Cache válido para 94736c7d-e00e-4df7-826b-cfeb4699f225: enabled=False
2026-03-22 00:25:34 | DEBUG    | autotrade_manager    | [get_status] Cache válido para 94736c7d-e00e-4df7-826b-cfeb4699f225: enabled=False
2026-03-22 00:25:51 | DEBUG    | autotrade_manager    | [get_status] Cache expirado para 94736c7d-e00e-4df7-826b-cfeb4699f225
2026-03-22 00:25:51 | DEBUG    | autotrade_manager    | [get_status] Buscando do banco: 94736c7d-e00e-4df7-826b-cfeb4699f225
2026-03-22 00:25:51 | INFO     | autotrade_manager    | [get_status] Status carregado: 94736c7d-e00e-4df7-826b-cfeb4699f225 | enabled=False | strategy=Scalping5s | soros=False | mart=False | reduce=False
2026-03-22 00:25:53 | DEBUG    | autotrade_manager    | [get_status] Cache válido para 94736c7d-e00e-4df7-826b-cfeb4699f225: enabled=False
2026-03-22 00:26:11 | DEBUG    | autotrade_manager    | [get_status] Cache válido para 94736c7d-e00e-4df7-826b-cfeb4699f225: enabled=False
2026-03-22 00:26:15 | DEBUG    | autotrade_manager    | Full refresh concluído em 0.005s: 0 ativos
2026-03-22 00:26:22 | DEBUG    | autotrade_manager    | [get_status] Cache expirado para 94736c7d-e00e-4df7-826b-cfeb4699f225
2026-03-22 00:26:22 | DEBUG    | autotrade_manager    | [get_status] Buscando do banco: 94736c7d-e00e-4df7-826b-cfeb4699f225
2026-03-22 00:26:22 | INFO     | autotrade_manager    | [get_status] Status carregado: 94736c7d-e00e-4df7-826b-cfeb4699f225 | enabled=False | strategy=Scalping5s | soros=False | mart=False | reduce=False
2026-03-22 00:26:53 | DEBUG    | autotrade_manager    | [get_status] Cache expirado para 94736c7d-e00e-4df7-826b-cfeb4699f225
2026-03-22 00:26:53 | DEBUG    | autotrade_manager    | [get_status] Buscando do banco: 94736c7d-e00e-4df7-826b-cfeb4699f225
2026-03-22 00:26:53 | INFO     | autotrade_manager    | [get_status] Status carregado: 94736c7d-e00e-4df7-826b-cfeb4699f225 | enabled=False | strategy=Scalping5s | soros=False | mart=False | reduce=False
2026-03-22 00:27:09 | DEBUG    | autotrade_manager    | [get_status] Cache válido para 94736c7d-e00e-4df7-826b-cfeb4699f225: enabled=False
2026-03-22 00:27:15 | DEBUG    | autotrade_manager    | Full refresh concluído em 0.037s: 0 ativos
2026-03-22 00:27:27 | INFO     | autotrade_manager    | [AutotradeManager] Parando...
2026-03-22 00:27:27 | INFO     | autotrade_manager    | AutotradeMonitor parado
2026-03-22 00:27:28 | INFO     | autotrade_manager    | [AutotradeManager] Parando...
2026-03-22 00:27:28 | INFO     | autotrade_manager    | AutotradeMonitor parado
