2026-03-22 00:16:14 | INFO     | data_collector       | [DataCollector] Configurado (max: 10, min_payout: 70.0%)
2026-03-22 00:16:14 | INFO     | data_collector       | [DataCollector] Iniciando...
2026-03-22 00:16:14 | INFO     | data_collector       | [DataCollector] Nenhum arquivo ˇrfŃo encontrado
2026-03-22 00:16:14 | INFO     | data_collector       | [DataCollector] Storage flush task iniciado
2026-03-22 00:16:14 | INFO     | data_collector       | [DataCollector] Periodic cleanup task iniciado
2026-03-22 00:16:14 | INFO     | data_collector       | [DataCollector] Iniciado
2026-03-22 00:16:16 | INFO     | data_collector       | [DC] Rebalance: +10 -0 | total: 10
2026-03-22 00:16:16 | INFO     | data_collector       | [DataCollector] Iniciando conexŃo de contas de monitoramento...
2026-03-22 00:16:16 | INFO     | data_collector       | [DataCollector] Buscando contas de monitoramento...
2026-03-22 00:16:16 | INFO     | data_collector       | [DataCollector] Encontradas 2 contas
2026-03-22 00:16:16 | INFO     | data_collector       | [DataCollector] Conectando conta: payout
2026-03-22 00:16:18 | INFO     | data_collector       | [DataCollector] Conta payout conectada
2026-03-22 00:16:18 | INFO     | data_collector       | [DataCollector] Conectando conta: actives
2026-03-22 00:16:20 | INFO     | data_collector       | [DataCollector] Conta actives conectada
2026-03-22 00:16:20 | INFO     | data_collector       | [DataCollector] Sincronizando 10 ativos...
2026-03-22 00:16:21 | DEBUG    | data_collector       | [DataCollector] 1608 ticks de histˇrico salvos para #AAPL_otc
2026-03-22 00:16:21 | INFO     | data_collector       | [DC] #AAPL_otc: 1608/1608 candles M1 histˇricos carregados
2026-03-22 00:16:21 | INFO     | data_collector       | [DC] #AAPL_otc inscrito com sucesso
2026-03-22 00:16:21 | DEBUG    | data_collector       | [DataCollector] 1610 ticks de histˇrico salvos para #FB_otc
2026-03-22 00:16:21 | INFO     | data_collector       | [DC] #FB_otc: 1610/1610 candles M1 histˇricos carregados
2026-03-22 00:16:21 | INFO     | data_collector       | [DC] #FB_otc inscrito com sucesso
2026-03-22 00:16:21 | DEBUG    | data_collector       | [DataCollector] 1609 ticks de histˇrico salvos para #INTC_otc
2026-03-22 00:16:21 | INFO     | data_collector       | [DC] #INTC_otc: 1609/1609 candles M1 histˇricos carregados
2026-03-22 00:16:21 | INFO     | data_collector       | [DC] #INTC_otc inscrito com sucesso
2026-03-22 00:16:22 | DEBUG    | data_collector       | [DataCollector] 1628 ticks de histˇrico salvos para #JNJ_otc
2026-03-22 00:16:22 | INFO     | data_collector       | [DC] #JNJ_otc: 1628/1628 candles M1 histˇricos carregados
2026-03-22 00:16:22 | INFO     | data_collector       | [DC] #JNJ_otc inscrito com sucesso
2026-03-22 00:16:22 | DEBUG    | data_collector       | [DataCollector] 1627 ticks de histˇrico salvos para #PFE_otc
2026-03-22 00:16:22 | INFO     | data_collector       | [DC] #PFE_otc: 1627/1627 candles M1 histˇricos carregados
2026-03-22 00:16:22 | INFO     | data_collector       | [DC] #PFE_otc inscrito com sucesso
2026-03-22 00:16:22 | DEBUG    | data_collector       | [DC] Arquivo criado/marcado para AEDCNY_otc
2026-03-22 00:16:22 | DEBUG    | data_collector       | [DataCollector] 1615 ticks de histˇrico salvos para AEDCNY_otc
2026-03-22 00:16:22 | INFO     | data_collector       | [DC] AEDCNY_otc: 1615/1615 candles M1 histˇricos carregados
2026-03-22 00:16:22 | INFO     | data_collector       | [DC] AEDCNY_otc inscrito com sucesso
2026-03-22 00:16:22 | DEBUG    | data_collector       | [DC] Arquivo criado/marcado para AUDCAD_otc
2026-03-22 00:16:23 | DEBUG    | data_collector       | [DataCollector] 1631 ticks de histˇrico salvos para AUDCAD_otc
2026-03-22 00:16:23 | INFO     | data_collector       | [DC] AUDCAD_otc: 1631/1631 candles M1 histˇricos carregados
2026-03-22 00:16:23 | INFO     | data_collector       | [DC] AUDCAD_otc inscrito com sucesso
2026-03-22 00:16:23 | DEBUG    | data_collector       | [DC] Arquivo criado/marcado para AUDCHF_otc
2026-03-22 00:16:23 | DEBUG    | data_collector       | [DataCollector] 1628 ticks de histˇrico salvos para AUDCHF_otc
2026-03-22 00:16:23 | INFO     | data_collector       | [DC] AUDCHF_otc: 1628/1628 candles M1 histˇricos carregados
2026-03-22 00:16:23 | INFO     | data_collector       | [DC] AUDCHF_otc inscrito com sucesso
2026-03-22 00:16:23 | DEBUG    | data_collector       | [DC] Arquivo criado/marcado para AUDNZD_otc
2026-03-22 00:16:23 | DEBUG    | data_collector       | [DataCollector] 1627 ticks de histˇrico salvos para AUDNZD_otc
2026-03-22 00:16:23 | INFO     | data_collector       | [DC] AUDNZD_otc: 1627/1627 candles M1 histˇricos carregados
2026-03-22 00:16:23 | INFO     | data_collector       | [DC] AUDNZD_otc inscrito com sucesso
2026-03-22 00:16:23 | DEBUG    | data_collector       | [DC] Arquivo criado/marcado para AUDUSD_otc
2026-03-22 00:16:24 | DEBUG    | data_collector       | [DataCollector] 1629 ticks de histˇrico salvos para AUDUSD_otc
2026-03-22 00:16:24 | INFO     | data_collector       | [DC] AUDUSD_otc: 1629/1629 candles M1 histˇricos carregados
2026-03-22 00:16:24 | INFO     | data_collector       | [DC] AUDUSD_otc inscrito com sucesso
2026-03-22 00:18:09 | DEBUG    | data_collector       | [DC] Payout atualizado: #FB_otc 92.0% -> 90.0%
2026-03-22 00:18:09 | INFO     | data_collector       | [DC] Processando remošŃo do ativo: #FB_otc
2026-03-22 00:18:09 | INFO     | data_collector       | [DC] Callback ativo removido: #FB_otc - iniciando unsubscribe com retry
2026-03-22 00:18:09 | INFO     | data_collector       | [DC] Unsubscribe bem-sucedido: #FB_otc
2026-03-22 00:18:09 | INFO     | data_collector       | [DC] delete_asset_file: original=#FB_otc normalized=FB_otc path=data\actives\FB_otc.txt
2026-03-22 00:18:09 | INFO     | data_collector       | [DC] Arquivo deletado com sucesso: data\actives\FB_otc.txt
2026-03-22 00:18:09 | INFO     | data_collector       | [DC] Arquivo #FB_otc deletado: True
2026-03-22 00:18:09 | DEBUG    | data_collector       | [DC] Arquivo criado/marcado para AMZN_otc
2026-03-22 00:20:09 | INFO     | data_collector       | [DC] Processando remošŃo do ativo: AUDUSD_otc
2026-03-22 00:20:09 | INFO     | data_collector       | [DC] Buffer flushed antes da remošŃo: AUDUSD_otc
2026-03-22 00:20:09 | INFO     | data_collector       | [DC] Callback ativo removido: AUDUSD_otc - iniciando unsubscribe com retry
2026-03-22 00:20:09 | INFO     | data_collector       | [DC] Unsubscribe bem-sucedido: AUDUSD_otc
2026-03-22 00:20:09 | INFO     | data_collector       | [DC] delete_asset_file: original=AUDUSD_otc normalized=AUDUSD_otc path=data\actives\AUDUSD_otc.txt
2026-03-22 00:20:09 | INFO     | data_collector       | [DC] Arquivo deletado com sucesso: data\actives\AUDUSD_otc.txt
2026-03-22 00:20:09 | INFO     | data_collector       | [DC] Arquivo AUDUSD_otc deletado: True
2026-03-22 00:20:10 | DEBUG    | data_collector       | [DataCollector] 0 ticks de histˇrico salvos para #FB_otc
2026-03-22 00:20:10 | INFO     | data_collector       | [DC] #FB_otc: 1652/1652 candles M1 histˇricos carregados
2026-03-22 00:20:10 | INFO     | data_collector       | [DC] #FB_otc inscrito com sucesso
2026-03-22 00:20:10 | INFO     | data_collector       | [DC] Rebalance: +1 -1 | total: 10
2026-03-22 00:21:10 | INFO     | data_collector       | [DC] Processando remošŃo do ativo: AUDNZD_otc
2026-03-22 00:21:10 | INFO     | data_collector       | [DC] Callback ativo removido: AUDNZD_otc - iniciando unsubscribe com retry
2026-03-22 00:21:10 | INFO     | data_collector       | [DC] Unsubscribe bem-sucedido: AUDNZD_otc
2026-03-22 00:21:10 | INFO     | data_collector       | [DC] delete_asset_file: original=AUDNZD_otc normalized=AUDNZD_otc path=data\actives\AUDNZD_otc.txt
2026-03-22 00:21:10 | INFO     | data_collector       | [DC] Arquivo deletado com sucesso: data\actives\AUDNZD_otc.txt
2026-03-22 00:21:10 | INFO     | data_collector       | [DC] Arquivo AUDNZD_otc deletado: True
2026-03-22 00:21:11 | DEBUG    | data_collector       | [DataCollector] 1370 ticks de histˇrico salvos para #AXP_otc
2026-03-22 00:21:11 | INFO     | data_collector       | [DC] #AXP_otc: 1370/1370 candles M1 histˇricos carregados
2026-03-22 00:21:11 | INFO     | data_collector       | [DC] #AXP_otc inscrito com sucesso
2026-03-22 00:21:11 | INFO     | data_collector       | [DC] Rebalance: +1 -1 | total: 10
2026-03-22 00:21:14 | DEBUG    | data_collector       | [DC] Executando cleanup periˇdico de arquivos ˇrfŃos
2026-03-22 00:21:14 | INFO     | data_collector       | [DataCollector] Encontrados 6 arquivos ˇrfŃos para limpar
2026-03-22 00:21:14 | INFO     | data_collector       | [DC] delete_asset_file: original=AAPL_otc normalized=AAPL_otc path=data\actives\AAPL_otc.txt
2026-03-22 00:21:14 | INFO     | data_collector       | [DC] Arquivo deletado com sucesso: data\actives\AAPL_otc.txt
2026-03-22 00:21:14 | INFO     | data_collector       | [DataCollector] Arquivo ˇrfŃo removido: AAPL_otc
2026-03-22 00:21:14 | INFO     | data_collector       | [DC] delete_asset_file: original=AXP_otc normalized=AXP_otc path=data\actives\AXP_otc.txt
2026-03-22 00:21:14 | INFO     | data_collector       | [DC] Arquivo deletado com sucesso: data\actives\AXP_otc.txt
2026-03-22 00:21:14 | INFO     | data_collector       | [DataCollector] Arquivo ˇrfŃo removido: AXP_otc
2026-03-22 00:21:14 | INFO     | data_collector       | [DC] delete_asset_file: original=FB_otc normalized=FB_otc path=data\actives\FB_otc.txt
2026-03-22 00:21:14 | INFO     | data_collector       | [DC] Arquivo deletado com sucesso: data\actives\FB_otc.txt
2026-03-22 00:21:14 | INFO     | data_collector       | [DataCollector] Arquivo ˇrfŃo removido: FB_otc
2026-03-22 00:21:14 | INFO     | data_collector       | [DC] delete_asset_file: original=INTC_otc normalized=INTC_otc path=data\actives\INTC_otc.txt
2026-03-22 00:21:14 | INFO     | data_collector       | [DC] Arquivo deletado com sucesso: data\actives\INTC_otc.txt
2026-03-22 00:21:14 | INFO     | data_collector       | [DataCollector] Arquivo ˇrfŃo removido: INTC_otc
2026-03-22 00:21:14 | INFO     | data_collector       | [DC] delete_asset_file: original=JNJ_otc normalized=JNJ_otc path=data\actives\JNJ_otc.txt
2026-03-22 00:21:14 | INFO     | data_collector       | [DC] Arquivo deletado com sucesso: data\actives\JNJ_otc.txt
2026-03-22 00:21:14 | INFO     | data_collector       | [DataCollector] Arquivo ˇrfŃo removido: JNJ_otc
2026-03-22 00:21:14 | INFO     | data_collector       | [DC] delete_asset_file: original=PFE_otc normalized=PFE_otc path=data\actives\PFE_otc.txt
2026-03-22 00:21:14 | INFO     | data_collector       | [DC] Arquivo deletado com sucesso: data\actives\PFE_otc.txt
2026-03-22 00:21:14 | INFO     | data_collector       | [DataCollector] Arquivo ˇrfŃo removido: PFE_otc
2026-03-22 00:24:09 | DEBUG    | data_collector       | [DC] Payout atualizado: #INTC_otc 92.0% -> 89.0%
2026-03-22 00:24:09 | INFO     | data_collector       | [DC] Processando remošŃo do ativo: #INTC_otc
2026-03-22 00:24:09 | INFO     | data_collector       | [DC] Callback ativo removido: #INTC_otc - iniciando unsubscribe com retry
2026-03-22 00:24:09 | INFO     | data_collector       | [DC] Unsubscribe bem-sucedido: #INTC_otc
2026-03-22 00:24:09 | INFO     | data_collector       | [DC] delete_asset_file: original=#INTC_otc normalized=INTC_otc path=data\actives\INTC_otc.txt
2026-03-22 00:24:09 | INFO     | data_collector       | [DC] Arquivo deletado com sucesso: data\actives\INTC_otc.txt
2026-03-22 00:24:09 | INFO     | data_collector       | [DC] Arquivo #INTC_otc deletado: True
2026-03-22 00:24:09 | DEBUG    | data_collector       | [DC] Arquivo criado/marcado para AUDNZD_otc
2026-03-22 00:24:10 | DEBUG    | data_collector       | [DataCollector] 0 ticks de histˇrico salvos para AUDNZD_otc
2026-03-22 00:24:10 | INFO     | data_collector       | [DC] AUDNZD_otc: 1320/1320 candles M1 histˇricos carregados
2026-03-22 00:24:10 | INFO     | data_collector       | [DC] AUDNZD_otc inscrito com sucesso
2026-03-22 00:24:10 | INFO     | data_collector       | [DC] Rebalance: +1 -1 | total: 10
2026-03-22 00:25:10 | DEBUG    | data_collector       | [DC] Payout atualizado: #FB_otc 92.0% -> 82.0%
2026-03-22 00:25:10 | INFO     | data_collector       | [DC] Processando remošŃo do ativo: #FB_otc
2026-03-22 00:25:10 | INFO     | data_collector       | [DC] Callback ativo removido: #FB_otc - iniciando unsubscribe com retry
2026-03-22 00:25:10 | INFO     | data_collector       | [DC] Unsubscribe bem-sucedido: #FB_otc
2026-03-22 00:25:10 | INFO     | data_collector       | [DC] delete_asset_file: original=#FB_otc normalized=FB_otc path=data\actives\FB_otc.txt
2026-03-22 00:25:10 | INFO     | data_collector       | [DC] Arquivo deletado com sucesso: data\actives\FB_otc.txt
2026-03-22 00:25:10 | INFO     | data_collector       | [DC] Arquivo #FB_otc deletado: True
2026-03-22 00:25:11 | DEBUG    | data_collector       | [DataCollector] 0 ticks de histˇrico salvos para #INTC_otc
2026-03-22 00:25:11 | INFO     | data_collector       | [DC] #INTC_otc: 1435/1435 candles M1 histˇricos carregados
2026-03-22 00:25:11 | INFO     | data_collector       | [DC] #INTC_otc inscrito com sucesso
2026-03-22 00:25:11 | INFO     | data_collector       | [DC] Rebalance: +1 -1 | total: 10
2026-03-22 00:26:14 | DEBUG    | data_collector       | [DC] Executando cleanup periˇdico de arquivos ˇrfŃos
2026-03-22 00:26:14 | INFO     | data_collector       | [DataCollector] Encontrados 5 arquivos ˇrfŃos para limpar
2026-03-22 00:26:14 | INFO     | data_collector       | [DC] delete_asset_file: original=AAPL_otc normalized=AAPL_otc path=data\actives\AAPL_otc.txt
2026-03-22 00:26:14 | INFO     | data_collector       | [DC] Arquivo deletado com sucesso: data\actives\AAPL_otc.txt
2026-03-22 00:26:14 | INFO     | data_collector       | [DataCollector] Arquivo ˇrfŃo removido: AAPL_otc
2026-03-22 00:26:14 | INFO     | data_collector       | [DC] delete_asset_file: original=AXP_otc normalized=AXP_otc path=data\actives\AXP_otc.txt
2026-03-22 00:26:14 | INFO     | data_collector       | [DC] Arquivo deletado com sucesso: data\actives\AXP_otc.txt
2026-03-22 00:26:14 | INFO     | data_collector       | [DataCollector] Arquivo ˇrfŃo removido: AXP_otc
2026-03-22 00:26:14 | INFO     | data_collector       | [DC] delete_asset_file: original=INTC_otc normalized=INTC_otc path=data\actives\INTC_otc.txt
2026-03-22 00:26:14 | INFO     | data_collector       | [DC] Arquivo deletado com sucesso: data\actives\INTC_otc.txt
2026-03-22 00:26:14 | INFO     | data_collector       | [DataCollector] Arquivo ˇrfŃo removido: INTC_otc
2026-03-22 00:26:14 | INFO     | data_collector       | [DC] delete_asset_file: original=JNJ_otc normalized=JNJ_otc path=data\actives\JNJ_otc.txt
2026-03-22 00:26:14 | INFO     | data_collector       | [DC] Arquivo deletado com sucesso: data\actives\JNJ_otc.txt
2026-03-22 00:26:14 | INFO     | data_collector       | [DataCollector] Arquivo ˇrfŃo removido: JNJ_otc
2026-03-22 00:26:14 | INFO     | data_collector       | [DC] delete_asset_file: original=PFE_otc normalized=PFE_otc path=data\actives\PFE_otc.txt
2026-03-22 00:26:14 | INFO     | data_collector       | [DC] Arquivo deletado com sucesso: data\actives\PFE_otc.txt
2026-03-22 00:26:14 | INFO     | data_collector       | [DataCollector] Arquivo ˇrfŃo removido: PFE_otc
2026-03-22 00:27:27 | INFO     | data_collector       | [DataCollector] Parando...
2026-03-22 00:27:27 | INFO     | data_collector       | [DataCollector] Flush final concluÝdo
2026-03-22 00:27:28 | INFO     | data_collector       | [DataCollector] Conta monitoring_payout desconectada
2026-03-22 00:27:28 | INFO     | data_collector       | [DataCollector] Conta monitoring_actives desconectada
2026-03-22 00:27:28 | INFO     | data_collector       | [DataCollector] Parado
