2026-03-22 00:16:14 | INFO     | signal_manager       | [SignalManager] Engine configurada para execuçăo automática
2026-03-22 00:16:14 | INFO     | signal_manager       | SignalManager iniciado
2026-03-22 00:16:22 | INFO     | signal_manager       | Sinal registrado: 2af47396... | #AAPL_otc | CALL | Conf: 0.50 | Estratégia: Scalping5s | macd bullish + parabolic_sar bullish
2026-03-22 00:16:22 | INFO     | signal_manager       |   Indicadores: {'sma': {'value': 189.20139999999998, 'signal': 'buy_weak'}, 'ema': {'value': 189.20147045128104, 'signal': 'buy_weak'}, 'macd': {'value': 0.0003979908137142782, 'signal': 'buy'}, 'parabolic_sar': {'value': 189.19379200000003, 'signal': 'buy'}}
2026-03-22 00:16:22 | INFO     | signal_manager       |   Entry Price: 189.213
2026-03-22 00:16:32 | INFO     | signal_manager       | Sinal registrado: 364257db... | #PFE_otc | PUT | Conf: 0.53 | Estratégia: Scalping5s | EMA_Cross bearish + MACD bearish
2026-03-22 00:16:32 | INFO     | signal_manager       |   Indicadores: {'RSI': {'value': 45.16129032258619, 'signal': 'neutral', 'overbought': 70, 'oversold': 30}, 'EMA_Cross': {'fast': 26.669798301839627, 'slow': 26.66990532305268, 'signal': 'sell'}, 'Momentum': {'value': -0.0010000000000012221, 'signal': 'sell_weak'}, 'Stochastic': {'value': None, 'signal': 'neutral', 'k': None, 'd': 47.53623188406692}, 'BB': {'position': 0.14233727153206208, 'signal': 'buy_weak', 'upper': 26.670970412751895, 'lower': 26.668789587248103}, 'MACD': {'histogram': -0.0001342426756112699, 'signal': 'sell', 'macd_line': 0.00015544462504379908}}
2026-03-22 00:16:32 | INFO     | signal_manager       |   Entry Price: 26.6691
2026-03-22 00:16:38 | INFO     | signal_manager       | Sinal registrado: 220f55f8... | AUDNZD_otc | CALL | Conf: 0.53 | Estratégia: Scalping5s | EMA_Cross bullish + Momentum bullish + Stochastic bearish
2026-03-22 00:16:38 | INFO     | signal_manager       |   Indicadores: {'RSI': {'value': 66.66666666665492, 'signal': 'sell_weak', 'overbought': 70, 'oversold': 30}, 'EMA_Cross': {'fast': 1.1669090100854675, 'slow': 1.16687691086483, 'signal': 'buy'}, 'Momentum': {'value': 0.00021999999999988695, 'signal': 'buy'}, 'Stochastic': {'value': 100.0, 'signal': 'sell', 'k': 100.0, 'd': 33.33333333333335}, 'BB': {'position': 1.1848372969931822, 'signal': 'sell', 'upper': 1.1669992588794633, 'lower': 1.1667247411205368}, 'MACD': {'histogram': 3.19991367821284e-05, 'signal': 'buy', 'macd_line': -2.4425813142769925e-05}}
2026-03-22 00:16:38 | INFO     | signal_manager       |   Entry Price: 1.16705
2026-03-22 00:16:54 | INFO     | signal_manager       | Sinal registrado: d46f1c37... | #AAPL_otc | CALL | Conf: 0.53 | Estratégia: Scalping5s | EMA_Cross bullish + Momentum bullish + Stochastic bearish
2026-03-22 00:16:54 | INFO     | signal_manager       |   Indicadores: {'RSI': {'value': 51.999999999954525, 'signal': 'neutral', 'overbought': 70, 'oversold': 30}, 'EMA_Cross': {'fast': 189.19063605761147, 'slow': 189.1898080245228, 'signal': 'buy'}, 'Momentum': {'value': 0.002999999999985903, 'signal': 'buy'}, 'Stochastic': {'value': 100.0, 'signal': 'sell', 'k': 100.0, 'd': 33.333333333333336}, 'BB': {'position': 0.7478541945771978, 'signal': 'neutral', 'upper': 189.19695021368094, 'lower': 189.18524978631908}, 'MACD': {'histogram': 9.857521796966017e-05, 'signal': 'buy', 'macd_line': 0.001118314077842797}}
2026-03-22 00:16:54 | INFO     | signal_manager       |   Entry Price: 189.194
2026-03-22 00:16:59 | INFO     | signal_manager       | Sinal registrado: d7b83411... | AEDCNY_otc | PUT | Conf: 0.62 | Estratégia: Scalping5s | EMA_Cross bearish + Momentum bearish + MACD bearish
2026-03-22 00:16:59 | INFO     | signal_manager       |   Indicadores: {'RSI': {'value': 46.87500000001518, 'signal': 'neutral', 'overbought': 70, 'oversold': 30}, 'EMA_Cross': {'fast': 1.8221652840745441, 'slow': 1.8221835865769005, 'signal': 'sell'}, 'Momentum': {'value': -0.00012000000000012001, 'signal': 'sell'}, 'Stochastic': {'value': None, 'signal': 'neutral', 'k': None, 'd': 66.66666666666669}, 'BB': {'position': 0.12649652743969983, 'signal': 'buy_weak', 'upper': 1.8222583846460465, 'lower': 1.8220656153539532}, 'MACD': {'histogram': -5.620619681125353e-07, 'signal': 'sell', 'macd_line': -3.0793800145145767e-05}}
2026-03-22 00:16:59 | INFO     | signal_manager       |   Entry Price: 1.82209
2026-03-22 00:17:04 | INFO     | signal_manager       | Sinal registrado: 29e197da... | #AAPL_otc | PUT | Conf: 0.50 | Estratégia: Scalping5s | RSI bullish + Momentum bearish + BB bullish
2026-03-22 00:17:04 | INFO     | signal_manager       |   Indicadores: {'RSI': {'value': 29.166666666686396, 'signal': 'buy', 'overbought': 70, 'oversold': 30}, 'EMA_Cross': {'fast': 189.17768473926452, 'slow': 189.1796840670341, 'signal': 'sell_weak'}, 'Momentum': {'value': -0.006000000000000227, 'signal': 'sell'}, 'Stochastic': {'value': None, 'signal': 'neutral', 'k': None, 'd': 37.12121212127476}, 'BB': {'position': -0.048866028996361346, 'signal': 'buy', 'upper': 189.1868480085052, 'lower': 189.17555199149479}, 'MACD': {'histogram': -0.0005083182897173311, 'signal': 'sell', 'macd_line': -0.002601231639090429}}
2026-03-22 00:17:04 | INFO     | signal_manager       |   Entry Price: 189.175
2026-03-22 00:17:16 | INFO     | signal_manager       | Sinal registrado: 296443a6... | AUDNZD_otc | PUT | Conf: 0.53 | Estratégia: Scalping5s | RSI bearish + Momentum bearish + Stochastic bearish
2026-03-22 00:17:16 | INFO     | signal_manager       |   Indicadores: {'RSI': {'value': 89.36170212764148, 'signal': 'sell', 'overbought': 70, 'oversold': 30}, 'EMA_Cross': {'fast': 1.167235439184238, 'slow': 1.1671562846774908, 'signal': 'buy_weak'}, 'Momentum': {'value': -5.0000000000105516e-05, 'signal': 'sell'}, 'Stochastic': {'value': 82.75862068961293, 'signal': 'sell', 'k': 82.75862068961293, 'd': 85.07628626160007}, 'BB': {'position': 0.8452353207255433, 'signal': 'sell_weak', 'upper': 1.1673436920877631, 'lower': 1.1667383079122364}, 'MACD': {'histogram': 2.638289602602961e-05, 'signal': 'neutral', 'macd_line': 9.255638657479359e-05}}
2026-03-22 00:17:16 | INFO     | signal_manager       |   Entry Price: 1.16725
2026-03-22 00:17:26 | INFO     | signal_manager       | Sinal registrado: 205ef6e8... | AEDCNY_otc | CALL | Conf: 0.53 | Estratégia: Scalping5s | EMA_Cross bullish + Momentum bullish + Stochastic bearish
2026-03-22 00:17:26 | INFO     | signal_manager       |   Indicadores: {'RSI': {'value': 63.29113924051167, 'signal': 'sell_weak', 'overbought': 70, 'oversold': 30}, 'EMA_Cross': {'fast': 1.822257757811773, 'slow': 1.8221726135613747, 'signal': 'buy'}, 'Momentum': {'value': 0.00028999999999990145, 'signal': 'buy'}, 'Stochastic': {'value': 100.0, 'signal': 'sell', 'k': 100.0, 'd': 33.33333333333335}, 'BB': {'position': 1.2552008435154778, 'signal': 'sell', 'upper': 1.8223572709616325, 'lower': 1.8219547290383677}, 'MACD': {'histogram': 1.9041973350605515e-05, 'signal': 'buy', 'macd_line': 0.00011219099013448641}}
2026-03-22 00:17:26 | INFO     | signal_manager       |   Entry Price: 1.82246
2026-03-22 00:17:31 | INFO     | signal_manager       | Sinal registrado: 04d14836... | #FB_otc | PUT | Conf: 0.62 | Estratégia: Scalping5s | EMA_Cross bearish + Momentum bearish + BB bullish
2026-03-22 00:17:31 | INFO     | signal_manager       |   Indicadores: {'RSI': {'value': 41.66666666668246, 'signal': 'neutral', 'overbought': 70, 'oversold': 30}, 'EMA_Cross': {'fast': 606.2878449125535, 'slow': 606.2956054023055, 'signal': 'sell'}, 'Momentum': {'value': -0.049999999999954525, 'signal': 'sell'}, 'Stochastic': {'value': None, 'signal': 'neutral', 'k': None, 'd': 66.66666666666667}, 'BB': {'position': -0.13245552937448182, 'signal': 'buy', 'upper': 606.3244604990613, 'lower': 606.2675395009388}, 'MACD': {'histogram': -0.004537212919230824, 'signal': 'sell', 'macd_line': -0.0027200878104167714}}
2026-03-22 00:17:31 | INFO     | signal_manager       |   Entry Price: 606.26
2026-03-22 00:17:53 | INFO     | signal_manager       | Sinal registrado: 60bfd52d... | AEDCNY_otc | CALL | Conf: 0.53 | Estratégia: Scalping5s | EMA_Cross bullish + Momentum bullish + Stochastic bearish
2026-03-22 00:17:53 | INFO     | signal_manager       |   Indicadores: {'RSI': {'value': 58.13953488372813, 'signal': 'neutral', 'overbought': 70, 'oversold': 30}, 'EMA_Cross': {'fast': 1.8226107000768779, 'slow': 1.822574811503967, 'signal': 'buy'}, 'Momentum': {'value': 0.00024999999999986144, 'signal': 'buy'}, 'Stochastic': {'value': 100.0, 'signal': 'sell', 'k': 100.0, 'd': 33.33333333333335}, 'BB': {'position': 0.9301302453794325, 'signal': 'sell_weak', 'upper': 1.8227516043337206, 'lower': 1.8224423956662794}, 'MACD': {'histogram': 1.6753407695821954e-05, 'signal': 'buy', 'macd_line': 2.3089440650103654e-05}}
2026-03-22 00:17:53 | INFO     | signal_manager       |   Entry Price: 1.82273
2026-03-22 00:17:58 | INFO     | signal_manager       | Sinal registrado: 94e3c3ed... | AUDCHF_otc | PUT | Conf: 0.50 | Estratégia: Scalping5s | Momentum bearish + MACD bearish
2026-03-22 00:17:58 | INFO     | signal_manager       |   Indicadores: {'RSI': {'value': 42.857142857150414, 'signal': 'neutral', 'overbought': 70, 'oversold': 30}, 'EMA_Cross': {'fast': 0.6221944954997745, 'slow': 0.6222089279761934, 'signal': 'sell_weak'}, 'Momentum': {'value': -7.00000000000145e-05, 'signal': 'sell'}, 'Stochastic': {'value': None, 'signal': 'neutral', 'k': None, 'd': 55.55555555556925}, 'BB': {'position': 0.12301001933573578, 'signal': 'buy_weak', 'upper': 0.6222700306933944, 'lower': 0.6221559693066057}, 'MACD': {'histogram': -4.1219895235383715e-06, 'signal': 'sell', 'macd_line': -1.6878303265910333e-05}}
2026-03-22 00:17:58 | INFO     | signal_manager       |   Entry Price: 0.62217
2026-03-22 00:18:14 | INFO     | signal_manager       | Sinal registrado: 2661d657... | #AAPL_otc | PUT | Conf: 0.53 | Estratégia: Scalping5s | EMA_Cross bearish + MACD bearish
2026-03-22 00:18:14 | INFO     | signal_manager       |   Indicadores: {'RSI': {'value': 53.33333333334597, 'signal': 'neutral', 'overbought': 70, 'oversold': 30}, 'EMA_Cross': {'fast': 189.0920045929541, 'slow': 189.09214665473377, 'signal': 'sell'}, 'Momentum': {'value': -0.003999999999990678, 'signal': 'sell_weak'}, 'Stochastic': {'value': None, 'signal': 'neutral', 'k': None, 'd': 27.38095238089438}, 'BB': {'position': 0.2774693482217349, 'signal': 'neutral', 'upper': 189.0961690748102, 'lower': 189.0876309251898}, 'MACD': {'histogram': -0.0005971831542047339, 'signal': 'sell', 'macd_line': 0.0012809708937595587}}
2026-03-22 00:18:14 | INFO     | signal_manager       |   Entry Price: 189.09
2026-03-22 00:18:25 | INFO     | signal_manager       | Sinal registrado: 0a3104ef... | AUDNZD_otc | CALL | Conf: 0.53 | Estratégia: Scalping5s | EMA_Cross bullish + Momentum bullish + Stochastic bearish
2026-03-22 00:18:25 | INFO     | signal_manager       |   Indicadores: {'RSI': {'value': 64.70588235292965, 'signal': 'sell_weak', 'overbought': 70, 'oversold': 30}, 'EMA_Cross': {'fast': 1.166194729601084, 'slow': 1.166190356705845, 'signal': 'buy'}, 'Momentum': {'value': 5.999999999994898e-05, 'signal': 'buy'}, 'Stochastic': {'value': 100.0, 'signal': 'sell', 'k': 100.0, 'd': 33.33333333333335}, 'BB': {'position': 0.904583557565769, 'signal': 'sell_weak', 'upper': 1.1662520277714532, 'lower': 1.1661259722285466}, 'MACD': {'histogram': 1.0406792806411268e-05, 'signal': 'buy', 'macd_line': -2.0105951115123588e-05}}
2026-03-22 00:18:25 | INFO     | signal_manager       |   Entry Price: 1.16624
2026-03-22 00:18:36 | INFO     | signal_manager       | Sinal registrado: b8c2d392... | AEDCNY_otc | PUT | Conf: 0.50 | Estratégia: Scalping5s | Momentum bearish + BB bullish + MACD bearish
2026-03-22 00:18:36 | INFO     | signal_manager       |   Indicadores: {'RSI': {'value': 36.84210526315379, 'signal': 'buy_weak', 'overbought': 70, 'oversold': 30}, 'EMA_Cross': {'fast': 1.8234624391213878, 'slow': 1.8235150758472976, 'signal': 'sell_weak'}, 'Momentum': {'value': -0.00021000000000004349, 'signal': 'sell'}, 'Stochastic': {'value': None, 'signal': 'neutral', 'k': None, 'd': 31.11111111109797}, 'BB': {'position': -0.2540815948886008, 'signal': 'buy', 'upper': 1.8236377740240917, 'lower': 1.8234322259759086}, 'MACD': {'histogram': -8.028152443645325e-06, 'signal': 'sell', 'macd_line': -8.159792082107487e-05}}
2026-03-22 00:18:36 | INFO     | signal_manager       |   Entry Price: 1.82338
2026-03-22 00:19:13 | INFO     | signal_manager       | Sinal registrado: a19c5fd7... | #JNJ_otc | PUT | Conf: 0.53 | Estratégia: Scalping5s | EMA_Cross bearish + MACD bearish
2026-03-22 00:19:13 | INFO     | signal_manager       |   Indicadores: {'RSI': {'value': 52.272727272705254, 'signal': 'neutral', 'overbought': 70, 'oversold': 30}, 'EMA_Cross': {'fast': 243.17466643764578, 'slow': 243.17646950055368, 'signal': 'sell'}, 'Momentum': {'value': -0.01500000000001478, 'signal': 'sell_weak'}, 'Stochastic': {'value': None, 'signal': 'neutral', 'k': None, 'd': 22.222222222292405}, 'BB': {'position': 0.39478144451952013, 'signal': 'neutral', 'upper': 243.1901320473801, 'lower': 243.15686795261993}, 'MACD': {'histogram': -0.00010714395673939872, 'signal': 'sell', 'macd_line': -0.0031535141461063176}}
2026-03-22 00:19:13 | INFO     | signal_manager       |   Entry Price: 243.17
2026-03-22 00:19:23 | INFO     | signal_manager       | Sinal registrado: d13121c5... | #JNJ_otc | PUT | Conf: 0.62 | Estratégia: Scalping5s | EMA_Cross bearish + Momentum bearish + BB bullish
2026-03-22 00:19:23 | INFO     | signal_manager       |   Indicadores: {'RSI': {'value': 40.74074074075438, 'signal': 'neutral', 'overbought': 70, 'oversold': 30}, 'EMA_Cross': {'fast': 243.17182765523586, 'slow': 243.17594328995656, 'signal': 'sell'}, 'Momentum': {'value': -0.025000000000005684, 'signal': 'sell'}, 'Stochastic': {'value': None, 'signal': 'neutral', 'k': None, 'd': 51.85185185180507}, 'BB': {'position': -0.13061873417617562, 'signal': 'buy', 'upper': 243.1892238152283, 'lower': 243.1633761847717}, 'MACD': {'histogram': -0.0025097216895650053, 'signal': 'sell', 'macd_line': -0.0013671347191746008}}
2026-03-22 00:19:23 | INFO     | signal_manager       |   Entry Price: 243.16
2026-03-22 00:19:39 | INFO     | signal_manager       | Sinal registrado: c6b4f383... | #AAPL_otc | CALL | Conf: 0.53 | Estratégia: Scalping5s | RSI bullish + Momentum bullish + Stochastic bullish
2026-03-22 00:19:39 | INFO     | signal_manager       |   Indicadores: {'RSI': {'value': 19.99999999997158, 'signal': 'buy', 'overbought': 70, 'oversold': 30}, 'EMA_Cross': {'fast': 189.0823154789668, 'slow': 189.08462738372148, 'signal': 'sell_weak'}, 'Momentum': {'value': 0.0009999999999763531, 'signal': 'buy'}, 'Stochastic': {'value': 16.66666666627192, 'signal': 'buy', 'k': 16.66666666627192, 'd': 22.804972804778497}, 'BB': {'position': 0.11323977359970776, 'signal': 'buy_weak', 'upper': 189.09636169727733, 'lower': 189.07903830272264}, 'MACD': {'histogram': -0.0005866691237303759, 'signal': 'neutral', 'macd_line': -0.0031734071116602536}}
2026-03-22 00:19:39 | INFO     | signal_manager       |   Entry Price: 189.081
2026-03-22 00:19:50 | INFO     | signal_manager       | Sinal registrado: f78d8b6b... | AEDCNY_otc | CALL | Conf: 0.53 | Estratégia: Scalping5s | EMA_Cross bullish + Momentum bullish + Stochastic bearish
2026-03-22 00:19:50 | INFO     | signal_manager       |   Indicadores: {'RSI': {'value': 45.555555555549525, 'signal': 'neutral', 'overbought': 70, 'oversold': 30}, 'EMA_Cross': {'fast': 1.8243640955905926, 'slow': 1.82435336867508, 'signal': 'buy'}, 'Momentum': {'value': 0.00032999999999994145, 'signal': 'buy'}, 'Stochastic': {'value': 97.43589743587991, 'signal': 'sell', 'k': 97.43589743587991, 'd': 54.70085470085436}, 'BB': {'position': 0.5946909503828003, 'signal': 'neutral', 'upper': 1.8246554561106736, 'lower': 1.8241485438893261}, 'MACD': {'histogram': 5.421063046979217e-06, 'signal': 'buy', 'macd_line': 1.4148525138146795e-06}}
2026-03-22 00:19:50 | INFO     | signal_manager       |   Entry Price: 1.82445
2026-03-22 00:20:00 | INFO     | signal_manager       | Sinal registrado: 2e28a412... | #AAPL_otc | PUT | Conf: 0.53 | Estratégia: Scalping5s | EMA_Cross bearish + MACD bearish
2026-03-22 00:20:00 | INFO     | signal_manager       |   Indicadores: {'RSI': {'value': 56.24999999994449, 'signal': 'neutral', 'overbought': 70, 'oversold': 30}, 'EMA_Cross': {'fast': 189.05322993993104, 'slow': 189.0535218071723, 'signal': 'sell'}, 'Momentum': {'value': -0.004000000000019099, 'signal': 'sell_weak'}, 'Stochastic': {'value': None, 'signal': 'neutral', 'k': None, 'd': 33.333333333333336}, 'BB': {'position': 0.4635458689066961, 'signal': 'neutral', 'upper': 189.05788634665012, 'lower': 189.0469136533499}, 'MACD': {'histogram': -5.980153024888273e-05, 'signal': 'sell', 'macd_line': -0.0003867095951193278}}
2026-03-22 00:20:01 | INFO     | signal_manager       |   Entry Price: 189.052
2026-03-22 00:20:01 | INFO     | signal_manager       | Sinal registrado: 08c0133a... | #PFE_otc | PUT | Conf: 0.53 | Estratégia: Scalping5s | EMA_Cross bearish + BB bullish + MACD bearish
2026-03-22 00:20:01 | INFO     | signal_manager       |   Indicadores: {'RSI': {'value': 44.736842105273, 'signal': 'neutral', 'overbought': 70, 'oversold': 30}, 'EMA_Cross': {'fast': 26.648150544116785, 'slow': 26.648463074927584, 'signal': 'sell'}, 'Momentum': {'value': -0.0020999999999986585, 'signal': 'sell_weak'}, 'Stochastic': {'value': None, 'signal': 'neutral', 'k': None, 'd': 36.363636363626576}, 'BB': {'position': -0.07357076984062842, 'signal': 'buy', 'upper': 26.649589926451554, 'lower': 26.647550073548445}, 'MACD': {'histogram': -0.00018509962317109278, 'signal': 'sell', 'macd_line': -0.00012083863350653701}}
2026-03-22 00:20:01 | INFO     | signal_manager       |   Entry Price: 26.6474
2026-03-22 00:20:01 | INFO     | signal_manager       | Sinal registrado: 51d5af0c... | AUDCHF_otc | CALL | Conf: 0.53 | Estratégia: Scalping5s | RSI bearish + EMA_Cross bullish + Momentum bullish
2026-03-22 00:20:01 | INFO     | signal_manager       |   Indicadores: {'RSI': {'value': 71.4285714285805, 'signal': 'sell', 'overbought': 70, 'oversold': 30}, 'EMA_Cross': {'fast': 0.6227504826272994, 'slow': 0.6227157703013251, 'signal': 'buy'}, 'Momentum': {'value': 9.999999999998899e-05, 'signal': 'buy'}, 'Stochastic': {'value': 100.0, 'signal': 'sell', 'k': 100.0, 'd': 66.66666666666667}, 'BB': {'position': 1.2282751831021936, 'signal': 'sell', 'upper': 0.6227801923161373, 'lower': 0.6226058076838628}, 'MACD': {'histogram': 6.0669753775420795e-06, 'signal': 'buy', 'macd_line': 5.1518936493466505e-05}}
2026-03-22 00:20:01 | INFO     | signal_manager       |   Entry Price: 0.62282
2026-03-22 00:20:06 | INFO     | signal_manager       | Sinal registrado: 536b68bf... | AEDCNY_otc | PUT | Conf: 0.62 | Estratégia: Scalping5s | EMA_Cross bearish + Momentum bearish + BB bullish
2026-03-22 00:20:06 | INFO     | signal_manager       |   Indicadores: {'RSI': {'value': 31.95876288659676, 'signal': 'buy_weak', 'overbought': 70, 'oversold': 30}, 'EMA_Cross': {'fast': 1.8247234610677865, 'slow': 1.824808727023696, 'signal': 'sell'}, 'Momentum': {'value': -0.00043999999999999595, 'signal': 'sell'}, 'Stochastic': {'value': None, 'signal': 'neutral', 'k': None, 'd': 66.66666666666669}, 'BB': {'position': -0.30448182737387935, 'signal': 'buy', 'upper': 1.825044830074569, 'lower': 1.8246271699254308}, 'MACD': {'histogram': -4.191347539219563e-05, 'signal': 'sell', 'macd_line': -5.354137703728057e-05}}
2026-03-22 00:20:06 | INFO     | signal_manager       |   Entry Price: 1.8245
2026-03-22 00:20:06 | INFO     | signal_manager       | Sinal registrado: a1b897e0... | AUDCAD_otc | PUT | Conf: 0.62 | Estratégia: Scalping5s | EMA_Cross bearish + Momentum bearish + MACD bearish
2026-03-22 00:20:06 | INFO     | signal_manager       |   Indicadores: {'RSI': {'value': 46.80851063830038, 'signal': 'neutral', 'overbought': 70, 'oversold': 30}, 'EMA_Cross': {'fast': 0.8665596430614685, 'slow': 0.866570620787587, 'signal': 'sell'}, 'Momentum': {'value': -0.00019999999999997797, 'signal': 'sell'}, 'Stochastic': {'value': None, 'signal': 'neutral', 'k': None, 'd': 46.56565656565544}, 'BB': {'position': 0.32221437423334304, 'signal': 'neutral', 'upper': 0.8666844311682401, 'lower': 0.8663975688317599}, 'MACD': {'histogram': -9.244373654578844e-06, 'signal': 'sell', 'macd_line': 5.616038256328615e-06}}
2026-03-22 00:20:06 | INFO     | signal_manager       |   Entry Price: 0.86649
2026-03-22 00:20:06 | INFO     | signal_manager       | Sinal registrado: 37f253d2... | AUDNZD_otc | PUT | Conf: 0.53 | Estratégia: Scalping5s | EMA_Cross bearish + MACD bearish
2026-03-22 00:20:06 | INFO     | signal_manager       |   Indicadores: {'RSI': {'value': 51.21951219512987, 'signal': 'neutral', 'overbought': 70, 'oversold': 30}, 'EMA_Cross': {'fast': 1.167982542977569, 'slow': 1.1679974898314478, 'signal': 'sell'}, 'Momentum': {'value': -0.00029999999999996696, 'signal': 'sell_weak'}, 'Stochastic': {'value': None, 'signal': 'neutral', 'k': None, 'd': 44.444444444444464}, 'BB': {'position': 0.31131613728132174, 'signal': 'neutral', 'upper': 1.1682048442283228, 'lower': 1.1677331557716768}, 'MACD': {'histogram': -2.122356427040358e-05, 'signal': 'sell', 'macd_line': 2.9586749649590516e-05}}
2026-03-22 00:20:06 | INFO     | signal_manager       |   Entry Price: 1.16788
2026-03-22 00:20:32 | INFO     | signal_manager       | Sinal registrado: 33d8068a... | #INTC_otc | PUT | Conf: 0.62 | Estratégia: Scalping5s | EMA_Cross bearish + Momentum bearish + MACD bearish
2026-03-22 00:20:32 | INFO     | signal_manager       |   Indicadores: {'RSI': {'value': 42.10526315790655, 'signal': 'neutral', 'overbought': 70, 'oversold': 30}, 'EMA_Cross': {'fast': 51.156803798565754, 'slow': 51.15681941405847, 'signal': 'sell'}, 'Momentum': {'value': -0.0009999999999976694, 'signal': 'sell'}, 'Stochastic': {'value': None, 'signal': 'neutral', 'k': None, 'd': 54.166666666659246}, 'BB': {'position': 0.235608410345395, 'signal': 'neutral', 'upper': 51.160938722285245, 'lower': 51.15186127771475}, 'MACD': {'histogram': -0.00023553592135107577, 'signal': 'sell', 'macd_line': 0.0006729974642851744}}
2026-03-22 00:20:32 | INFO     | signal_manager       |   Entry Price: 51.154
2026-03-22 00:20:59 | INFO     | signal_manager       | Sinal registrado: 569d7a4c... | #AAPL_otc | CALL | Conf: 0.53 | Estratégia: Scalping5s | EMA_Cross bullish + Momentum bullish + Stochastic bearish
2026-03-22 00:20:59 | INFO     | signal_manager       |   Indicadores: {'RSI': {'value': 68.42105263158682, 'signal': 'sell_weak', 'overbought': 70, 'oversold': 30}, 'EMA_Cross': {'fast': 189.08941085759565, 'slow': 189.08642119268256, 'signal': 'buy'}, 'Momentum': {'value': 0.01099999999999568, 'signal': 'buy'}, 'Stochastic': {'value': 100.0, 'signal': 'sell', 'k': 100.0, 'd': 33.333333333333336}, 'BB': {'position': 1.1127384423485291, 'signal': 'sell', 'upper': 189.09392090015822, 'lower': 189.07547909984177}, 'MACD': {'histogram': 0.0005467903256451516, 'signal': 'buy', 'macd_line': 0.004251177381149773}}
2026-03-22 00:20:59 | INFO     | signal_manager       |   Entry Price: 189.096
2026-03-22 00:21:10 | INFO     | signal_manager       | Sinal registrado: 6c4fa58a... | #PFE_otc | PUT | Conf: 0.62 | Estratégia: Scalping5s | EMA_Cross bearish + Momentum bearish + MACD bearish
2026-03-22 00:21:10 | INFO     | signal_manager       |   Indicadores: {'RSI': {'value': 31.91489361702449, 'signal': 'buy_weak', 'overbought': 70, 'oversold': 30}, 'EMA_Cross': {'fast': 26.64099011614329, 'slow': 26.641486502872347, 'signal': 'sell'}, 'Momentum': {'value': -0.0031999999999996476, 'signal': 'sell'}, 'Stochastic': {'value': None, 'signal': 'neutral', 'k': None, 'd': 39.9999999998579}, 'BB': {'position': 0.012811352365781273, 'signal': 'buy_weak', 'upper': 26.643328385545242, 'lower': 26.639551614454756}, 'MACD': {'histogram': -0.00022771675494681016, 'signal': 'sell', 'macd_line': -0.00036116183111190026}}
2026-03-22 00:21:10 | INFO     | signal_manager       |   Entry Price: 26.6396
2026-03-22 00:21:10 | INFO     | signal_manager       | Sinal registrado: 5fb55f17... | AUDCHF_otc | PUT | Conf: 0.50 | Estratégia: Scalping5s | RSI bullish + Momentum bearish + BB bullish
2026-03-22 00:21:10 | INFO     | signal_manager       |   Indicadores: {'RSI': {'value': 19.148936170216786, 'signal': 'buy', 'overbought': 70, 'oversold': 30}, 'EMA_Cross': {'fast': 0.6220192533081698, 'slow': 0.6220810237154679, 'signal': 'sell_weak'}, 'Momentum': {'value': -0.00012999999999996348, 'signal': 'sell'}, 'Stochastic': {'value': None, 'signal': 'neutral', 'k': None, 'd': 60.606060606057554}, 'BB': {'position': -0.09574743292248435, 'signal': 'buy', 'upper': 0.6222904992400877, 'lower': 0.6219615007599122}, 'MACD': {'histogram': -1.0258224743235343e-05, 'signal': 'sell', 'macd_line': -9.299140196938893e-05}}
2026-03-22 00:21:10 | INFO     | signal_manager       |   Entry Price: 0.62193
2026-03-22 00:21:25 | INFO     | signal_manager       | Sinal registrado: f5fdbe6c... | AEDCNY_otc | CALL | Conf: 0.53 | Estratégia: Scalping5s | RSI bullish + Momentum bullish + Stochastic bullish
2026-03-22 00:21:25 | INFO     | signal_manager       |   Indicadores: {'RSI': {'value': 20.00000000001269, 'signal': 'buy', 'overbought': 70, 'oversold': 30}, 'EMA_Cross': {'fast': 1.8241017787323304, 'slow': 1.8241547533453215, 'signal': 'sell_weak'}, 'Momentum': {'value': 1.0000000000065512e-05, 'signal': 'buy'}, 'Stochastic': {'value': 7.692307692360248, 'signal': 'buy', 'k': 7.692307692360248, 'd': 28.490028490041457}, 'BB': {'position': 0.1937432334710155, 'signal': 'buy_weak', 'upper': 1.8244859534842461, 'lower': 1.8239700465157542}, 'MACD': {'histogram': -1.657005366009991e-05, 'signal': 'neutral', 'macd_line': -6.272807437657235e-05}}
2026-03-22 00:21:25 | INFO     | signal_manager       |   Entry Price: 1.82407
2026-03-22 00:21:40 | INFO     | signal_manager       | Sinal registrado: 69a2f6c8... | #FB_otc | PUT | Conf: 0.62 | Estratégia: Scalping5s | EMA_Cross bearish + Momentum bearish + BB bullish
2026-03-22 00:21:40 | INFO     | signal_manager       |   Indicadores: {'RSI': {'value': 31.578947368402154, 'signal': 'buy_weak', 'overbought': 70, 'oversold': 30}, 'EMA_Cross': {'fast': 606.2239852098517, 'slow': 606.2423404056052, 'signal': 'sell'}, 'Momentum': {'value': -0.12000000000000455, 'signal': 'sell'}, 'Stochastic': {'value': None, 'signal': 'neutral', 'k': None, 'd': 54.44444444444445}, 'BB': {'position': -0.2570301065285916, 'signal': 'buy', 'upper': 606.3011775813926, 'lower': 606.1968224186074}, 'MACD': {'histogram': -0.010959239079423491, 'signal': 'sell', 'macd_line': -0.006745165706774969}}
2026-03-22 00:21:40 | INFO     | signal_manager       |   Entry Price: 606.17
2026-03-22 00:22:02 | INFO     | signal_manager       | Sinal registrado: a400e185... | #AAPL_otc | PUT | Conf: 0.53 | Estratégia: Scalping5s | EMA_Cross bearish + BB bullish + MACD bearish
2026-03-22 00:22:02 | INFO     | signal_manager       |   Indicadores: {'RSI': {'value': 37.4999999999852, 'signal': 'buy_weak', 'overbought': 70, 'oversold': 30}, 'EMA_Cross': {'fast': 189.14321621616386, 'slow': 189.14406831283625, 'signal': 'sell'}, 'Momentum': {'value': -0.0030000000000143245, 'signal': 'sell_weak'}, 'Stochastic': {'value': None, 'signal': 'neutral', 'k': None, 'd': 44.444444444339176}, 'BB': {'position': -0.02440442399783675, 'signal': 'buy', 'upper': 189.14859523539337, 'lower': 189.1402047646066}, 'MACD': {'histogram': -0.0005004834548949983, 'signal': 'sell', 'macd_line': -0.0003599359617396658}}
2026-03-22 00:22:02 | INFO     | signal_manager       |   Entry Price: 189.14
2026-03-22 00:22:18 | INFO     | signal_manager       | Sinal registrado: 346403d8... | AUDCAD_otc | PUT | Conf: 0.62 | Estratégia: Scalping5s | RSI bullish + EMA_Cross bearish + Momentum bearish
2026-03-22 00:22:18 | INFO     | signal_manager       |   Indicadores: {'RSI': {'value': 27.2727272727181, 'signal': 'buy', 'overbought': 70, 'oversold': 30}, 'EMA_Cross': {'fast': 0.8671514079306744, 'slow': 0.8671726398416402, 'signal': 'sell'}, 'Momentum': {'value': -0.00012999999999996348, 'signal': 'sell'}, 'Stochastic': {'value': None, 'signal': 'neutral', 'k': None, 'd': 66.66666666666666}, 'BB': {'position': -0.19423858233967387, 'signal': 'buy', 'upper': 0.8672344979340941, 'lower': 0.8671135020659059}, 'MACD': {'histogram': -8.111748888359453e-06, 'signal': 'sell', 'macd_line': -1.9056312276721776e-05}}
2026-03-22 00:22:18 | INFO     | signal_manager       |   Entry Price: 0.86709
2026-03-22 00:22:34 | INFO     | signal_manager       | Sinal registrado: f341f706... | AEDCNY_otc | CALL | Conf: 0.53 | Estratégia: Scalping5s | EMA_Cross bullish + Momentum bullish + Stochastic bearish
2026-03-22 00:22:34 | INFO     | signal_manager       |   Indicadores: {'RSI': {'value': 45.09803921567176, 'signal': 'neutral', 'overbought': 70, 'oversold': 30}, 'EMA_Cross': {'fast': 1.8250241212741194, 'slow': 1.8250069399603754, 'signal': 'buy'}, 'Momentum': {'value': 0.00018999999999991246, 'signal': 'buy'}, 'Stochastic': {'value': 100.0, 'signal': 'sell', 'k': 100.0, 'd': 82.22222222235217}, 'BB': {'position': 0.7561885214133887, 'signal': 'neutral', 'upper': 1.8251751833325787, 'lower': 1.8248668166674218}, 'MACD': {'histogram': 7.842426058415425e-06, 'signal': 'buy', 'macd_line': 1.2429015775472507e-05}}
2026-03-22 00:22:34 | INFO     | signal_manager       |   Entry Price: 1.8251
2026-03-22 00:22:49 | INFO     | signal_manager       | Sinal registrado: 2ad086c6... | #FB_otc | CALL | Conf: 0.53 | Estratégia: Scalping5s | EMA_Cross bullish + Momentum bullish + Stochastic bearish
2026-03-22 00:22:49 | INFO     | signal_manager       |   Indicadores: {'RSI': {'value': 62.5, 'signal': 'sell_weak', 'overbought': 70, 'oversold': 30}, 'EMA_Cross': {'fast': 606.3859639450675, 'slow': 606.3804484840506, 'signal': 'buy'}, 'Momentum': {'value': 0.01999999999998181, 'signal': 'buy'}, 'Stochastic': {'value': 100.0, 'signal': 'sell', 'k': 100.0, 'd': 50.0}, 'BB': {'position': 1.145942241954052, 'signal': 'sell', 'upper': 606.395029386353, 'lower': 606.3609706136468}, 'MACD': {'histogram': 0.0019215988222130711, 'signal': 'buy', 'macd_line': 0.00564537135073806}}
2026-03-22 00:22:49 | INFO     | signal_manager       |   Entry Price: 606.4
2026-03-22 00:22:50 | INFO     | signal_manager       | Sinal registrado: c6cd39aa... | AUDCHF_otc | PUT | Conf: 0.62 | Estratégia: Scalping5s | EMA_Cross bearish + Momentum bearish + MACD bearish
2026-03-22 00:22:50 | INFO     | signal_manager       |   Indicadores: {'RSI': {'value': 43.99999999998223, 'signal': 'neutral', 'overbought': 70, 'oversold': 30}, 'EMA_Cross': {'fast': 0.6205392555580961, 'slow': 0.6205435541158593, 'signal': 'sell'}, 'Momentum': {'value': -4.0000000000040004e-05, 'signal': 'sell'}, 'Stochastic': {'value': None, 'signal': 'neutral', 'k': None, 'd': 47.61904761903253}, 'BB': {'position': 0.06587842285583594, 'signal': 'buy_weak', 'upper': 0.6205802490305417, 'lower': 0.6205157509694585}, 'MACD': {'histogram': -3.158199670568566e-06, 'signal': 'sell', 'macd_line': -2.2765528751023112e-07}}
2026-03-22 00:22:50 | INFO     | signal_manager       |   Entry Price: 0.62052
2026-03-22 00:23:11 | INFO     | signal_manager       | Sinal registrado: 798b6bc3... | #JNJ_otc | CALL | Conf: 0.53 | Estratégia: Scalping5s | RSI bearish + EMA_Cross bullish + Momentum bullish
2026-03-22 00:23:11 | INFO     | signal_manager       |   Indicadores: {'RSI': {'value': 76.47058823528755, 'signal': 'sell', 'overbought': 70, 'oversold': 30}, 'EMA_Cross': {'fast': 243.2851811510547, 'slow': 243.28041688311012, 'signal': 'buy'}, 'Momentum': {'value': 0.009999999999990905, 'signal': 'buy'}, 'Stochastic': {'value': 100.0, 'signal': 'sell', 'k': 100.0, 'd': 33.333333333333336}, 'BB': {'position': 1.1713380153572361, 'signal': 'sell', 'upper': 243.29038054153492, 'lower': 243.26341945846505}, 'MACD': {'histogram': 0.0015113667047409064, 'signal': 'buy', 'macd_line': 0.005189831385735033}}
2026-03-22 00:23:11 | INFO     | signal_manager       |   Entry Price: 243.295
2026-03-22 00:23:23 | INFO     | signal_manager       | Sinal registrado: 0c1686ab... | #AXP_otc | PUT | Conf: 0.62 | Estratégia: Scalping5s | EMA_Cross bearish + Momentum bearish + MACD bearish
2026-03-22 00:23:23 | INFO     | signal_manager       |   Indicadores: {'RSI': {'value': 41.17647058827463, 'signal': 'neutral', 'overbought': 70, 'oversold': 30}, 'EMA_Cross': {'fast': 170.251368071351, 'slow': 170.2519814521765, 'signal': 'sell'}, 'Momentum': {'value': -0.007999999999981355, 'signal': 'sell'}, 'Stochastic': {'value': None, 'signal': 'neutral', 'k': None, 'd': 66.66666666666667}, 'BB': {'position': 0.12239226558813636, 'signal': 'buy_weak', 'upper': 170.2576909769329, 'lower': 170.2455090230671}, 'MACD': {'histogram': -0.0010354087524077102, 'signal': 'sell', 'macd_line': 0.0015630512176016964}}
2026-03-22 00:23:23 | INFO     | signal_manager       |   Entry Price: 170.247
2026-03-22 00:23:27 | INFO     | signal_manager       | Sinal registrado: 5e0ddb50... | #JNJ_otc | CALL | Conf: 0.53 | Estratégia: Scalping5s | EMA_Cross bullish + Momentum bullish + Stochastic bearish
2026-03-22 00:23:27 | INFO     | signal_manager       |   Indicadores: {'RSI': {'value': 45.45454545453762, 'signal': 'neutral', 'overbought': 70, 'oversold': 30}, 'EMA_Cross': {'fast': 243.27606928969664, 'slow': 243.275877340865, 'signal': 'buy'}, 'Momentum': {'value': 0.008000000000009777, 'signal': 'buy'}, 'Stochastic': {'value': 100.0, 'signal': 'sell', 'k': 100.0, 'd': 66.66666666666667}, 'BB': {'position': 0.7264992272651539, 'signal': 'neutral', 'upper': 243.28226028523497, 'lower': 243.27033971476502}, 'MACD': {'histogram': 0.0008275688426768223, 'signal': 'buy', 'macd_line': -0.001833781050891048}}
2026-03-22 00:23:27 | INFO     | signal_manager       |   Entry Price: 243.279
2026-03-22 00:23:31 | INFO     | signal_manager       | Sinal registrado: ea228b78... | #FB_otc | PUT | Conf: 0.50 | Estratégia: Scalping5s | RSI bullish + Momentum bearish + BB bullish
2026-03-22 00:23:31 | INFO     | signal_manager       |   Indicadores: {'RSI': {'value': 28.57142857142857, 'signal': 'buy', 'overbought': 70, 'oversold': 30}, 'EMA_Cross': {'fast': 606.6385972741841, 'slow': 606.6480369506166, 'signal': 'sell_weak'}, 'Momentum': {'value': -0.029999999999972715, 'signal': 'sell'}, 'Stochastic': {'value': None, 'signal': 'neutral', 'k': None, 'd': 66.66666666666667}, 'BB': {'position': -0.25925660517832844, 'signal': 'buy', 'upper': 606.6664390888461, 'lower': 606.6295609111537}, 'MACD': {'histogram': -0.0032028468610653116, 'signal': 'sell', 'macd_line': -0.009366248954847833}}
2026-03-22 00:23:31 | INFO     | signal_manager       |   Entry Price: 606.62
2026-03-22 00:23:42 | INFO     | signal_manager       | Sinal registrado: fdcdbde8... | #FB_otc | PUT | Conf: 0.53 | Estratégia: Scalping5s | EMA_Cross bearish + MACD bearish
2026-03-22 00:23:42 | INFO     | signal_manager       |   Indicadores: {'RSI': {'value': 57.142857142926744, 'signal': 'neutral', 'overbought': 70, 'oversold': 30}, 'EMA_Cross': {'fast': 606.5799291609046, 'slow': 606.5810477143739, 'signal': 'sell'}, 'Momentum': {'value': -0.029999999999972715, 'signal': 'sell_weak'}, 'Stochastic': {'value': None, 'signal': 'neutral', 'k': None, 'd': 44.444444444444436}, 'BB': {'position': 0.37322686158498064, 'signal': 'neutral', 'upper': 606.5996643190939, 'lower': 606.5523356809061}, 'MACD': {'histogram': -0.0005725844472950011, 'signal': 'sell', 'macd_line': -0.0004030615737065091}}
2026-03-22 00:23:42 | INFO     | signal_manager       |   Entry Price: 606.57
2026-03-22 00:23:44 | INFO     | signal_manager       | Sinal registrado: a57e5786... | #AXP_otc | PUT | Conf: 0.53 | Estratégia: Scalping5s | EMA_Cross bearish + BB bullish + MACD bearish
2026-03-22 00:23:44 | INFO     | signal_manager       |   Indicadores: {'RSI': {'value': 46.15384615382934, 'signal': 'neutral', 'overbought': 70, 'oversold': 30}, 'EMA_Cross': {'fast': 170.24047186692547, 'slow': 170.24143081732078, 'signal': 'sell'}, 'Momentum': {'value': -0.003999999999990678, 'signal': 'sell_weak'}, 'Stochastic': {'value': None, 'signal': 'neutral', 'k': None, 'd': 58.33333333327412}, 'BB': {'position': -0.014495755797058061, 'signal': 'buy', 'upper': 170.2439154759453, 'lower': 170.23808452405467}, 'MACD': {'histogram': -0.0002577990451125056, 'signal': 'sell', 'macd_line': -0.0011061561178848933}}
2026-03-22 00:23:44 | INFO     | signal_manager       |   Entry Price: 170.238
2026-03-22 00:23:48 | INFO     | signal_manager       | Sinal registrado: c0d1077f... | AEDCNY_otc | CALL | Conf: 0.53 | Estratégia: Scalping5s | EMA_Cross bullish + Momentum bullish + Stochastic bearish
2026-03-22 00:23:48 | INFO     | signal_manager       |   Indicadores: {'RSI': {'value': 48.59813084112285, 'signal': 'neutral', 'overbought': 70, 'oversold': 30}, 'EMA_Cross': {'fast': 1.8245982954868045, 'slow': 1.8245874187334286, 'signal': 'buy'}, 'Momentum': {'value': 0.000360000000000138, 'signal': 'buy'}, 'Stochastic': {'value': 100.0, 'signal': 'sell', 'k': 100.0, 'd': 33.333333333333336}, 'BB': {'position': 0.6954392903260307, 'signal': 'neutral', 'upper': 1.824976350740708, 'lower': 1.824331649259292}, 'MACD': {'histogram': 2.2289820885442116e-05, 'signal': 'buy', 'macd_line': -4.5387223472470595e-05}}
2026-03-22 00:23:48 | INFO     | signal_manager       |   Entry Price: 1.82478
2026-03-22 00:24:41 | INFO     | signal_manager       | Sinal registrado: 9baa651c... | #PFE_otc | CALL | Conf: 0.53 | Estratégia: Scalping5s | EMA_Cross bullish + Momentum bullish + Stochastic bearish
2026-03-22 00:24:41 | INFO     | signal_manager       |   Indicadores: {'RSI': {'value': 46.42857142857596, 'signal': 'neutral', 'overbought': 70, 'oversold': 30}, 'EMA_Cross': {'fast': 26.60149974697881, 'slow': 26.60134779666733, 'signal': 'buy'}, 'Momentum': {'value': 0.0016999999999995907, 'signal': 'buy'}, 'Stochastic': {'value': 85.00000000002665, 'signal': 'sell', 'k': 85.00000000002665, 'd': 51.66666666663409}, 'BB': {'position': 0.7165580424940772, 'signal': 'neutral', 'upper': 26.60292928338062, 'lower': 26.599650716619376}, 'MACD': {'histogram': 1.8349724709710316e-05, 'signal': 'buy', 'macd_line': 0.00021898420805044339}}
2026-03-22 00:24:41 | INFO     | signal_manager       |   Entry Price: 26.602
2026-03-22 00:24:52 | INFO     | signal_manager       | Sinal registrado: e109cd3b... | #JNJ_otc | CALL | Conf: 0.50 | Estratégia: Scalping5s | RSI bullish + MACD bullish
2026-03-22 00:24:52 | INFO     | signal_manager       |   Indicadores: {'RSI': {'value': 7.692307692290868, 'signal': 'buy', 'overbought': 70, 'oversold': 30}, 'EMA_Cross': {'fast': 243.33416783957648, 'slow': 243.341164720793, 'signal': 'sell_weak'}, 'Momentum': {'value': -0.0020000000000095497, 'signal': 'sell_weak'}, 'Stochastic': {'value': None, 'signal': 'neutral', 'k': None, 'd': 38.787878787817405}, 'BB': {'position': 0.19878898868480793, 'signal': 'buy_weak', 'upper': 243.37914538234006, 'lower': 243.31905461765993}, 'MACD': {'histogram': 2.500868451009615e-05, 'signal': 'buy', 'macd_line': -0.013948926154256469}}
2026-03-22 00:24:52 | INFO     | signal_manager       |   Entry Price: 243.331
2026-03-22 00:24:52 | INFO     | signal_manager       | Sinal registrado: a28aeea9... | AUDCAD_otc | PUT | Conf: 0.62 | Estratégia: Scalping5s | EMA_Cross bearish + Momentum bearish + BB bullish
2026-03-22 00:24:52 | INFO     | signal_manager       |   Indicadores: {'RSI': {'value': 30.95238095237403, 'signal': 'buy_weak', 'overbought': 70, 'oversold': 30}, 'EMA_Cross': {'fast': 0.8673187173767326, 'slow': 0.8673585251081287, 'signal': 'sell'}, 'Momentum': {'value': -0.000140000000000029, 'signal': 'sell'}, 'Stochastic': {'value': None, 'signal': 'neutral', 'k': None, 'd': 66.66666666666667}, 'BB': {'position': -0.1499760514611532, 'signal': 'buy', 'upper': 0.8674906966440965, 'lower': 0.8672553033559036}, 'MACD': {'histogram': -9.846846437127068e-06, 'signal': 'sell', 'macd_line': -4.961588175811382e-05}}
2026-03-22 00:24:52 | INFO     | signal_manager       |   Entry Price: 0.86722
2026-03-22 00:25:13 | INFO     | signal_manager       | Sinal registrado: 6feea9a5... | AUDCAD_otc | PUT | Conf: 0.50 | Estratégia: Scalping5s | Momentum bearish + MACD bearish
2026-03-22 00:25:13 | INFO     | signal_manager       |   Indicadores: {'RSI': {'value': 35.714285714302704, 'signal': 'buy_weak', 'overbought': 70, 'oversold': 30}, 'EMA_Cross': {'fast': 0.867160665537532, 'slow': 0.8671820779645367, 'signal': 'sell_weak'}, 'Momentum': {'value': -5.999999999994898e-05, 'signal': 'sell'}, 'Stochastic': {'value': None, 'signal': 'neutral', 'k': None, 'd': 46.666666666681465}, 'BB': {'position': 0.08876407047442877, 'signal': 'buy_weak', 'upper': 0.8672574398947109, 'lower': 0.867128560105289}, 'MACD': {'histogram': -9.256817356482079e-07, 'signal': 'sell', 'macd_line': -3.8704075255746595e-05}}
2026-03-22 00:25:13 | INFO     | signal_manager       |   Entry Price: 0.86714
2026-03-22 00:25:29 | INFO     | signal_manager       | Sinal registrado: 68b6c18d... | AEDCNY_otc | CALL | Conf: 0.53 | Estratégia: Scalping5s | EMA_Cross bullish + Momentum bullish + Stochastic bearish
2026-03-22 00:25:29 | INFO     | signal_manager       |   Indicadores: {'RSI': {'value': 52.08333333332465, 'signal': 'neutral', 'overbought': 70, 'oversold': 30}, 'EMA_Cross': {'fast': 1.8260684737350577, 'slow': 1.8260608395968914, 'signal': 'buy'}, 'Momentum': {'value': 8.999999999992347e-05, 'signal': 'buy'}, 'Stochastic': {'value': 100.0, 'signal': 'sell', 'k': 100.0, 'd': 33.33333333333333}, 'BB': {'position': 0.7966397218839621, 'signal': 'neutral', 'upper': 1.8262021015224754, 'lower': 1.825945898477524}, 'MACD': {'histogram': 6.753740332085122e-06, 'signal': 'buy', 'macd_line': -6.584895303918259e-06}}
2026-03-22 00:25:29 | INFO     | signal_manager       |   Entry Price: 1.82615
2026-03-22 00:25:34 | INFO     | signal_manager       | Sinal registrado: 1385e84a... | AUDCAD_otc | CALL | Conf: 0.53 | Estratégia: Scalping5s | EMA_Cross bullish + Momentum bullish + Stochastic bearish
2026-03-22 00:25:34 | INFO     | signal_manager       |   Indicadores: {'RSI': {'value': 52.777777777780344, 'signal': 'neutral', 'overbought': 70, 'oversold': 30}, 'EMA_Cross': {'fast': 0.8666230350010097, 'slow': 0.866616127320073, 'signal': 'buy'}, 'Momentum': {'value': 0.00015999999999993797, 'signal': 'buy'}, 'Stochastic': {'value': 100.0, 'signal': 'sell', 'k': 100.0, 'd': 33.333333333333314}, 'BB': {'position': 0.7575373489368992, 'signal': 'neutral', 'upper': 0.8667777855501293, 'lower': 0.8664982144498707}, 'MACD': {'histogram': 1.8840164540317558e-05, 'signal': 'buy', 'macd_line': -3.8453107838343215e-05}}
2026-03-22 00:25:34 | INFO     | signal_manager       |   Entry Price: 0.86671
2026-03-22 00:25:51 | INFO     | signal_manager       | Sinal registrado: 11572ea7... | #AXP_otc | CALL | Conf: 0.53 | Estratégia: Scalping5s | EMA_Cross bullish + Momentum bullish + Stochastic bearish
2026-03-22 00:25:51 | INFO     | signal_manager       |   Indicadores: {'RSI': {'value': 53.33333333334597, 'signal': 'neutral', 'overbought': 70, 'oversold': 30}, 'EMA_Cross': {'fast': 170.26332495305158, 'slow': 170.26250835488173, 'signal': 'buy'}, 'Momentum': {'value': 0.008000000000009777, 'signal': 'buy'}, 'Stochastic': {'value': 100.0, 'signal': 'sell', 'k': 100.0, 'd': 33.333333333333336}, 'BB': {'position': 0.9472135958162932, 'signal': 'sell_weak', 'upper': 170.26747213595183, 'lower': 170.25852786404812}, 'MACD': {'histogram': 0.00033683425778003917, 'signal': 'buy', 'macd_line': 0.0006037579190376618}}
2026-03-22 00:25:51 | INFO     | signal_manager       |   Entry Price: 170.267
2026-03-22 00:25:53 | INFO     | signal_manager       | Sinal registrado: 2bd5b065... | #INTC_otc | PUT | Conf: 0.53 | Estratégia: Scalping5s | EMA_Cross bearish + Momentum bearish + MACD bearish
2026-03-22 00:25:53 | INFO     | signal_manager       |   Indicadores: {'RSI': {'value': 43.7500000000111, 'signal': 'neutral', 'overbought': 70, 'oversold': 30}, 'EMA_Cross': {'fast': 51.02727643450723, 'slow': 51.02748388860619, 'signal': 'sell'}, 'Momentum': {'value': -0.0030000000000001137, 'signal': 'sell'}, 'Stochastic': {'value': 28.571428571472072, 'signal': 'buy_weak', 'k': 28.571428571472072, 'd': 61.90476190477156}, 'BB': {'position': 0.2540450711398944, 'signal': 'neutral', 'upper': 51.0302460498972, 'lower': 51.0245539501028}, 'MACD': {'histogram': -5.385966851376156e-05, 'signal': 'sell', 'macd_line': -0.000226763664528562}}
2026-03-22 00:25:53 | INFO     | signal_manager       |   Entry Price: 51.026
2026-03-22 00:26:11 | INFO     | signal_manager       | Sinal registrado: a1f4df71... | AEDCNY_otc | PUT | Conf: 0.62 | Estratégia: Scalping5s | EMA_Cross bearish + Momentum bearish + BB bullish
2026-03-22 00:26:11 | INFO     | signal_manager       |   Indicadores: {'RSI': {'value': 34.72222222223121, 'signal': 'buy_weak', 'overbought': 70, 'oversold': 30}, 'EMA_Cross': {'fast': 1.8263434171286603, 'slow': 1.82639994654062, 'signal': 'sell'}, 'Momentum': {'value': -0.00014999999999987246, 'signal': 'sell'}, 'Stochastic': {'value': None, 'signal': 'neutral', 'k': None, 'd': 51.85185185184272}, 'BB': {'position': -0.22361781335718703, 'signal': 'buy', 'upper': 1.8265786320021258, 'lower': 1.826277367997874}, 'MACD': {'histogram': -2.7376488874248233e-05, 'signal': 'sell', 'macd_line': -3.774654207511219e-05}}
2026-03-22 00:26:11 | INFO     | signal_manager       |   Entry Price: 1.82621
2026-03-22 00:26:22 | INFO     | signal_manager       | Sinal registrado: c811f6e5... | AUDCHF_otc | CALL | Conf: 0.53 | Estratégia: Scalping5s | EMA_Cross bullish + Momentum bullish + Stochastic bearish
2026-03-22 00:26:22 | INFO     | signal_manager       |   Indicadores: {'RSI': {'value': 64.10256410256702, 'signal': 'sell_weak', 'overbought': 70, 'oversold': 30}, 'EMA_Cross': {'fast': 0.6210428963657045, 'slow': 0.6210372798473596, 'signal': 'buy'}, 'Momentum': {'value': 0.0001100000000000545, 'signal': 'buy'}, 'Stochastic': {'value': 100.0, 'signal': 'sell', 'k': 100.0, 'd': 33.333333333333336}, 'BB': {'position': 1.044900411559884, 'signal': 'sell', 'upper': 0.6211025014968511, 'lower': 0.6209354985031489}, 'MACD': {'histogram': 1.8049663521863595e-05, 'signal': 'buy', 'macd_line': -3.69611348128851e-05}}
2026-03-22 00:26:22 | INFO     | signal_manager       |   Entry Price: 0.62111
2026-03-22 00:26:53 | INFO     | signal_manager       | Sinal registrado: 976bc041... | AEDCNY_otc | PUT | Conf: 0.53 | Estratégia: Scalping5s | EMA_Cross bearish + Momentum bearish + Stochastic bullish
2026-03-22 00:26:53 | INFO     | signal_manager       |   Indicadores: {'RSI': {'value': 41.07142857143494, 'signal': 'neutral', 'overbought': 70, 'oversold': 30}, 'EMA_Cross': {'fast': 1.8271355002728615, 'slow': 1.8271390610831333, 'signal': 'sell'}, 'Momentum': {'value': -5.999999999994898e-05, 'signal': 'sell'}, 'Stochastic': {'value': 11.111111111179643, 'signal': 'buy', 'k': 11.111111111179643, 'd': 37.03703703705989}, 'BB': {'position': 0.19349829036066749, 'signal': 'buy_weak', 'upper': 1.8272320908626305, 'lower': 1.8270559091373693}, 'MACD': {'histogram': -7.71820647089873e-06, 'signal': 'sell', 'macd_line': 1.3850035689211282e-05}}
2026-03-22 00:26:53 | INFO     | signal_manager       |   Entry Price: 1.82709
2026-03-22 00:27:09 | INFO     | signal_manager       | Sinal registrado: b48a8803... | AEDCNY_otc | CALL | Conf: 0.53 | Estratégia: Scalping5s | EMA_Cross bullish + Momentum bullish + Stochastic bearish
2026-03-22 00:27:09 | INFO     | signal_manager       |   Indicadores: {'RSI': {'value': 65.67164179104924, 'signal': 'sell_weak', 'overbought': 70, 'oversold': 30}, 'EMA_Cross': {'fast': 1.8272679917204133, 'slow': 1.8272052516106843, 'signal': 'buy'}, 'Momentum': {'value': 0.0002900000000001235, 'signal': 'buy'}, 'Stochastic': {'value': 100.0, 'signal': 'sell', 'k': 100.0, 'd': 33.33333333333334}, 'BB': {'position': 1.1943085957202075, 'signal': 'sell', 'upper': 1.8273797553597544, 'lower': 1.8270182446402452}, 'MACD': {'histogram': 1.7035060949794218e-05, 'signal': 'buy', 'macd_line': 7.282988973211779e-05}}
2026-03-22 00:27:09 | INFO     | signal_manager       |   Entry Price: 1.82745
2026-03-22 00:27:28 | INFO     | signal_manager       | SignalManager parado
