2026-03-22 00:16:14 | INFO     | system_health        | [Health] Iniciando SystemHealthManager...
2026-03-22 00:16:14 | INFO     | system_health        | [Health] SystemHealthManager iniciado
2026-03-22 00:16:14 | INFO     | system_health        | [Health] Componente registrado: cache
2026-03-22 00:16:14 | INFO     | system_health        | [Health] Componente registrado: users
2026-03-22 00:16:14 | INFO     | system_health        | [Health] Componente registrado: signals
2026-03-22 00:16:14 | INFO     | system_health        | [Health] Componente registrado: indicators
2026-03-22 00:16:14 | INFO     | system_health        | [Health] Componente registrado: connection
2026-03-22 00:16:14 | INFO     | system_health        | [Health] Componente registrado: notifications
2026-03-22 00:16:14 | INFO     | system_health        | [Health] Componente registrado: strategy
2026-03-22 00:16:14 | INFO     | system_health        | [Health] Componente registrado: trade_executor
2026-03-22 00:16:14 | INFO     | system_health        | [Health] Componente registrado: autotrade
2026-03-22 00:16:14 | INFO     | system_health        | [Health] Componente registrado: data_collector
2026-03-22 00:16:14 | INFO     | system_health        | [Health] Status: healthy=10 | degraded=0 | error=0 | unknown=0 | uptime=0s
2026-03-22 00:16:44 | INFO     | system_health        | [Health] Status: healthy=10 | degraded=0 | error=0 | unknown=0 | uptime=30s
2026-03-22 00:17:14 | INFO     | system_health        | [Health] Status: healthy=10 | degraded=0 | error=0 | unknown=0 | uptime=60s
2026-03-22 00:17:44 | INFO     | system_health        | [Health] Status: healthy=10 | degraded=0 | error=0 | unknown=0 | uptime=90s
2026-03-22 00:18:14 | INFO     | system_health        | [Health] Status: healthy=10 | degraded=0 | error=0 | unknown=0 | uptime=120s
2026-03-22 00:18:44 | INFO     | system_health        | [Health] Status: healthy=10 | degraded=0 | error=0 | unknown=0 | uptime=150s
2026-03-22 00:19:14 | INFO     | system_health        | [Health] Status: healthy=10 | degraded=0 | error=0 | unknown=0 | uptime=180s
2026-03-22 00:19:44 | INFO     | system_health        | [Health] Status: healthy=10 | degraded=0 | error=0 | unknown=0 | uptime=210s
2026-03-22 00:20:14 | INFO     | system_health        | [Health] Status: healthy=10 | degraded=0 | error=0 | unknown=0 | uptime=240s
2026-03-22 00:20:44 | INFO     | system_health        | [Health] Status: healthy=10 | degraded=0 | error=0 | unknown=0 | uptime=270s
2026-03-22 00:21:14 | INFO     | system_health        | [Health] Status: healthy=10 | degraded=0 | error=0 | unknown=0 | uptime=300s
2026-03-22 00:21:44 | INFO     | system_health        | [Health] Status: healthy=10 | degraded=0 | error=0 | unknown=0 | uptime=330s
2026-03-22 00:22:14 | INFO     | system_health        | [Health] Status: healthy=10 | degraded=0 | error=0 | unknown=0 | uptime=360s
2026-03-22 00:22:44 | INFO     | system_health        | [Health] Status: healthy=10 | degraded=0 | error=0 | unknown=0 | uptime=390s
2026-03-22 00:23:14 | INFO     | system_health        | [Health] Status: healthy=10 | degraded=0 | error=0 | unknown=0 | uptime=420s
2026-03-22 00:23:45 | INFO     | system_health        | [Health] Status: healthy=10 | degraded=0 | error=0 | unknown=0 | uptime=450s
2026-03-22 00:24:15 | INFO     | system_health        | [Health] Status: healthy=10 | degraded=0 | error=0 | unknown=0 | uptime=480s
2026-03-22 00:24:45 | INFO     | system_health        | [Health] Status: healthy=10 | degraded=0 | error=0 | unknown=0 | uptime=510s
2026-03-22 00:25:15 | INFO     | system_health        | [Health] Status: healthy=10 | degraded=0 | error=0 | unknown=0 | uptime=540s
2026-03-22 00:25:45 | INFO     | system_health        | [Health] Status: healthy=10 | degraded=0 | error=0 | unknown=0 | uptime=570s
2026-03-22 00:26:15 | INFO     | system_health        | [Health] Status: healthy=10 | degraded=0 | error=0 | unknown=0 | uptime=600s
2026-03-22 00:26:45 | INFO     | system_health        | [Health] Status: healthy=10 | degraded=0 | error=0 | unknown=0 | uptime=630s
2026-03-22 00:27:15 | INFO     | system_health        | [Health] Status: healthy=10 | degraded=0 | error=0 | unknown=0 | uptime=660s
