2026-03-22 00:16:14 | INFO     | trade_executor       | TradeExecutor iniciado (usando ConnectionManager)
2026-03-22 00:16:22 | INFO     | trade_executor       | [TRADE EXECUTOR] Recebido sinal: #AAPL_otc | CALL | conf: 0.5
2026-03-22 00:16:22 | INFO     | trade_executor       | [TRADE EXECUTOR] UsuŠrios ativos recebidos: ['94736c7d-e00e-4df7-826b-cfeb4699f225']
2026-03-22 00:16:22 | INFO     | trade_executor       | [TRADE EXECUTOR] Estratťgia do sinal: Scalping5s
2026-03-22 00:16:22 | INFO     | trade_executor       | [TRADE EXECUTOR] UsuŠrio 94736c7d-e00e-4df7-826b-cfeb4699f225 | estratťgia configurada: Scalping5s | sinal de: Scalping5s | execuÁ„o: signal
2026-03-22 00:16:22 | INFO     | trade_executor       | [STATE] Estado carregado do banco para 94736c7d-e00e-4df7-826b-cfeb4699f225: mart=0 soros=0 reduce=True amount=0.5
2026-03-22 00:16:22 | WARNING  | trade_executor       | [STATE] stop_triggered=True carregado do banco para 94736c7d-e00e-4df7-826b-cfeb4699f225 ó executando parada completa
2026-03-22 00:16:22 | WARNING  | trade_executor       | [STOP] 94736c7d-e00e-4df7-826b-cfeb4699f225: executando parada completa (stop='gain')
2026-03-22 00:16:22 | DEBUG    | trade_executor       | [CONFIG] Config fresca do banco para 94736c7d-e00e-4df7-826b-cfeb4699f225: mart=False soros=False reduce=False amount=1.00
2026-03-22 00:16:22 | DEBUG    | trade_executor       | [CONFIG] Config recarregada do banco para 94736c7d-e00e-4df7-826b-cfeb4699f225: mart=False soros=False
2026-03-22 00:16:22 | INFO     | trade_executor       | [TRADE] 94736c7d-e00e-4df7-826b-cfeb4699f225: stop 'gain' ativo ó executando parada completa
2026-03-22 00:16:22 | INFO     | trade_executor       | [TRADE EXECUTOR] Total de trades executados: 0
2026-03-22 00:16:22 | WARNING  | trade_executor       | [STOP] 94736c7d-e00e-4df7-826b-cfeb4699f225: executando parada completa (stop='gain')
2026-03-22 00:16:22 | INFO     | trade_executor       | [STOP] autotrade=0 salvo no banco para 94736c7d-e00e-4df7-826b-cfeb4699f225
2026-03-22 00:16:22 | INFO     | trade_executor       | [STOP] autotrade=0 salvo no banco para 94736c7d-e00e-4df7-826b-cfeb4699f225
2026-03-22 00:16:22 | DEBUG    | trade_executor       | [TradeExecutor] UsuŠrio 94736c7d-e00e-4df7-826b-cfeb4699f225 removido
2026-03-22 00:16:22 | INFO     | trade_executor       | [STOP] WebSocket desconectado para 94736c7d-e00e-4df7-826b-cfeb4699f225
2026-03-22 00:16:32 | INFO     | trade_executor       | [TRADE EXECUTOR] Recebido sinal: #PFE_otc | PUT | conf: 0.528846153846154
2026-03-22 00:16:32 | INFO     | trade_executor       | [TRADE EXECUTOR] UsuŠrios ativos recebidos: ['94736c7d-e00e-4df7-826b-cfeb4699f225']
2026-03-22 00:16:32 | INFO     | trade_executor       | [TRADE EXECUTOR] Estratťgia do sinal: Scalping5s
2026-03-22 00:16:32 | INFO     | trade_executor       | [TRADE EXECUTOR] UsuŠrio 94736c7d-e00e-4df7-826b-cfeb4699f225 | estratťgia configurada: Scalping5s | sinal de: Scalping5s | execuÁ„o: signal
2026-03-22 00:16:32 | INFO     | trade_executor       | [STATE] Estado carregado do banco para 94736c7d-e00e-4df7-826b-cfeb4699f225: mart=0 soros=0 reduce=True amount=0.5
2026-03-22 00:16:32 | WARNING  | trade_executor       | [STATE] stop_triggered=True carregado do banco para 94736c7d-e00e-4df7-826b-cfeb4699f225 ó executando parada completa
2026-03-22 00:16:32 | WARNING  | trade_executor       | [STOP] 94736c7d-e00e-4df7-826b-cfeb4699f225: executando parada completa (stop='gain')
2026-03-22 00:16:32 | DEBUG    | trade_executor       | [CONFIG] Config fresca do banco para 94736c7d-e00e-4df7-826b-cfeb4699f225: mart=False soros=False reduce=False amount=1.00
2026-03-22 00:16:32 | DEBUG    | trade_executor       | [CONFIG] Config recarregada do banco para 94736c7d-e00e-4df7-826b-cfeb4699f225: mart=False soros=False
2026-03-22 00:16:32 | INFO     | trade_executor       | [TRADE] 94736c7d-e00e-4df7-826b-cfeb4699f225: stop 'gain' ativo ó executando parada completa
2026-03-22 00:16:32 | INFO     | trade_executor       | [TRADE EXECUTOR] Total de trades executados: 0
2026-03-22 00:16:32 | WARNING  | trade_executor       | [STOP] 94736c7d-e00e-4df7-826b-cfeb4699f225: executando parada completa (stop='gain')
2026-03-22 00:16:32 | INFO     | trade_executor       | [STOP] autotrade=0 salvo no banco para 94736c7d-e00e-4df7-826b-cfeb4699f225
2026-03-22 00:16:32 | DEBUG    | trade_executor       | [TradeExecutor] UsuŠrio 94736c7d-e00e-4df7-826b-cfeb4699f225 removido
2026-03-22 00:16:32 | INFO     | trade_executor       | [STOP] autotrade=0 salvo no banco para 94736c7d-e00e-4df7-826b-cfeb4699f225
2026-03-22 00:16:38 | INFO     | trade_executor       | [TRADE EXECUTOR] Recebido sinal: AUDNZD_otc | CALL | conf: 0.5333333333333333
2026-03-22 00:16:38 | INFO     | trade_executor       | [TRADE EXECUTOR] UsuŠrios ativos recebidos: ['94736c7d-e00e-4df7-826b-cfeb4699f225']
2026-03-22 00:16:38 | INFO     | trade_executor       | [TRADE EXECUTOR] Estratťgia do sinal: Scalping5s
2026-03-22 00:16:38 | INFO     | trade_executor       | [TRADE EXECUTOR] UsuŠrio 94736c7d-e00e-4df7-826b-cfeb4699f225 | estratťgia configurada: Scalping5s | sinal de: Scalping5s | execuÁ„o: signal
2026-03-22 00:16:38 | INFO     | trade_executor       | [STATE] Estado carregado do banco para 94736c7d-e00e-4df7-826b-cfeb4699f225: mart=0 soros=0 reduce=True amount=0.5
2026-03-22 00:16:38 | WARNING  | trade_executor       | [STATE] stop_triggered=True carregado do banco para 94736c7d-e00e-4df7-826b-cfeb4699f225 ó executando parada completa
2026-03-22 00:16:38 | WARNING  | trade_executor       | [STOP] 94736c7d-e00e-4df7-826b-cfeb4699f225: executando parada completa (stop='gain')
2026-03-22 00:16:38 | DEBUG    | trade_executor       | [CONFIG] Config fresca do banco para 94736c7d-e00e-4df7-826b-cfeb4699f225: mart=False soros=False reduce=False amount=1.00
2026-03-22 00:16:38 | DEBUG    | trade_executor       | [CONFIG] Config recarregada do banco para 94736c7d-e00e-4df7-826b-cfeb4699f225: mart=False soros=False
2026-03-22 00:16:38 | INFO     | trade_executor       | [TRADE] 94736c7d-e00e-4df7-826b-cfeb4699f225: stop 'gain' ativo ó executando parada completa
2026-03-22 00:16:38 | INFO     | trade_executor       | [TRADE EXECUTOR] Total de trades executados: 0
2026-03-22 00:16:38 | WARNING  | trade_executor       | [STOP] 94736c7d-e00e-4df7-826b-cfeb4699f225: executando parada completa (stop='gain')
2026-03-22 00:16:38 | INFO     | trade_executor       | [STOP] autotrade=0 salvo no banco para 94736c7d-e00e-4df7-826b-cfeb4699f225
2026-03-22 00:16:38 | DEBUG    | trade_executor       | [TradeExecutor] UsuŠrio 94736c7d-e00e-4df7-826b-cfeb4699f225 removido
2026-03-22 00:16:38 | INFO     | trade_executor       | [STOP] autotrade=0 salvo no banco para 94736c7d-e00e-4df7-826b-cfeb4699f225
2026-03-22 00:27:28 | INFO     | trade_executor       | Parando TradeExecutor...
2026-03-22 00:27:28 | INFO     | trade_executor       | TradeExecutor parado
