2026-03-22 00:16:14 | WARNING  | api                  | [SECURITY] CORS allow_origins=['*'] ó defina CORS_ORIGINS no .env para produÁ„o
2026-03-22 00:16:22 | WARNING  | trade_executor       | [STATE] stop_triggered=True carregado do banco para 94736c7d-e00e-4df7-826b-cfeb4699f225 ó executando parada completa
2026-03-22 00:16:22 | WARNING  | trade_executor       | [STOP] 94736c7d-e00e-4df7-826b-cfeb4699f225: executando parada completa (stop='gain')
2026-03-22 00:16:22 | WARNING  | trade_executor       | [STOP] 94736c7d-e00e-4df7-826b-cfeb4699f225: executando parada completa (stop='gain')
2026-03-22 00:16:32 | WARNING  | trade_executor       | [STATE] stop_triggered=True carregado do banco para 94736c7d-e00e-4df7-826b-cfeb4699f225 ó executando parada completa
2026-03-22 00:16:32 | WARNING  | trade_executor       | [STOP] 94736c7d-e00e-4df7-826b-cfeb4699f225: executando parada completa (stop='gain')
2026-03-22 00:16:32 | WARNING  | trade_executor       | [STOP] 94736c7d-e00e-4df7-826b-cfeb4699f225: executando parada completa (stop='gain')
2026-03-22 00:16:38 | WARNING  | trade_executor       | [STATE] stop_triggered=True carregado do banco para 94736c7d-e00e-4df7-826b-cfeb4699f225 ó executando parada completa
2026-03-22 00:16:38 | WARNING  | trade_executor       | [STOP] 94736c7d-e00e-4df7-826b-cfeb4699f225: executando parada completa (stop='gain')
2026-03-22 00:16:38 | WARNING  | trade_executor       | [STOP] 94736c7d-e00e-4df7-826b-cfeb4699f225: executando parada completa (stop='gain')
2026-03-22 00:16:54 | WARNING  | engine               | [SIGNAL] Nenhum usu·rio ativo encontrado (get_status retornou None ou disabled)
2026-03-22 00:16:59 | WARNING  | engine               | [SIGNAL] Nenhum usu·rio ativo encontrado (get_status retornou None ou disabled)
2026-03-22 00:17:04 | WARNING  | engine               | [SIGNAL] Nenhum usu·rio ativo encontrado (get_status retornou None ou disabled)
2026-03-22 00:17:16 | WARNING  | engine               | [SIGNAL] Nenhum usu·rio ativo encontrado (get_status retornou None ou disabled)
2026-03-22 00:17:26 | WARNING  | engine               | [SIGNAL] Nenhum usu·rio ativo encontrado (get_status retornou None ou disabled)
2026-03-22 00:17:31 | WARNING  | engine               | [SIGNAL] Nenhum usu·rio ativo encontrado (get_status retornou None ou disabled)
2026-03-22 00:17:53 | WARNING  | engine               | [SIGNAL] Nenhum usu·rio ativo encontrado (get_status retornou None ou disabled)
2026-03-22 00:17:58 | WARNING  | engine               | [SIGNAL] Nenhum usu·rio ativo encontrado (get_status retornou None ou disabled)
2026-03-22 00:18:14 | WARNING  | connection_manager   | Timeout aguardando callbacks do evento payout_update
2026-03-22 00:18:14 | WARNING  | engine               | [SIGNAL] Nenhum usu·rio ativo encontrado (get_status retornou None ou disabled)
2026-03-22 00:18:25 | WARNING  | engine               | [SIGNAL] Nenhum usu·rio ativo encontrado (get_status retornou None ou disabled)
2026-03-22 00:18:36 | WARNING  | engine               | [SIGNAL] Nenhum usu·rio ativo encontrado (get_status retornou None ou disabled)
2026-03-22 00:19:13 | WARNING  | engine               | [SIGNAL] Nenhum usu·rio ativo encontrado (get_status retornou None ou disabled)
2026-03-22 00:19:23 | WARNING  | engine               | [SIGNAL] Nenhum usu·rio ativo encontrado (get_status retornou None ou disabled)
2026-03-22 00:19:39 | WARNING  | engine               | [SIGNAL] Nenhum usu·rio ativo encontrado (get_status retornou None ou disabled)
2026-03-22 00:19:50 | WARNING  | engine               | [SIGNAL] Nenhum usu·rio ativo encontrado (get_status retornou None ou disabled)
2026-03-22 00:20:01 | WARNING  | engine               | [SIGNAL] Nenhum usu·rio ativo encontrado (get_status retornou None ou disabled)
2026-03-22 00:20:01 | WARNING  | engine               | [SIGNAL] Nenhum usu·rio ativo encontrado (get_status retornou None ou disabled)
2026-03-22 00:20:01 | WARNING  | engine               | [SIGNAL] Nenhum usu·rio ativo encontrado (get_status retornou None ou disabled)
2026-03-22 00:20:06 | WARNING  | engine               | [SIGNAL] Nenhum usu·rio ativo encontrado (get_status retornou None ou disabled)
2026-03-22 00:20:06 | WARNING  | engine               | [SIGNAL] Nenhum usu·rio ativo encontrado (get_status retornou None ou disabled)
2026-03-22 00:20:06 | WARNING  | engine               | [SIGNAL] Nenhum usu·rio ativo encontrado (get_status retornou None ou disabled)
2026-03-22 00:20:32 | WARNING  | engine               | [SIGNAL] Nenhum usu·rio ativo encontrado (get_status retornou None ou disabled)
2026-03-22 00:20:59 | WARNING  | engine               | [SIGNAL] Nenhum usu·rio ativo encontrado (get_status retornou None ou disabled)
2026-03-22 00:21:10 | WARNING  | engine               | [SIGNAL] Nenhum usu·rio ativo encontrado (get_status retornou None ou disabled)
2026-03-22 00:21:10 | WARNING  | engine               | [SIGNAL] Nenhum usu·rio ativo encontrado (get_status retornou None ou disabled)
2026-03-22 00:21:25 | WARNING  | engine               | [SIGNAL] Nenhum usu·rio ativo encontrado (get_status retornou None ou disabled)
2026-03-22 00:21:40 | WARNING  | engine               | [SIGNAL] Nenhum usu·rio ativo encontrado (get_status retornou None ou disabled)
2026-03-22 00:22:02 | WARNING  | engine               | [SIGNAL] Nenhum usu·rio ativo encontrado (get_status retornou None ou disabled)
2026-03-22 00:22:18 | WARNING  | engine               | [SIGNAL] Nenhum usu·rio ativo encontrado (get_status retornou None ou disabled)
2026-03-22 00:22:34 | WARNING  | engine               | [SIGNAL] Nenhum usu·rio ativo encontrado (get_status retornou None ou disabled)
2026-03-22 00:22:49 | WARNING  | engine               | [SIGNAL] Nenhum usu·rio ativo encontrado (get_status retornou None ou disabled)
2026-03-22 00:22:50 | WARNING  | engine               | [SIGNAL] Nenhum usu·rio ativo encontrado (get_status retornou None ou disabled)
2026-03-22 00:23:11 | WARNING  | engine               | [SIGNAL] Nenhum usu·rio ativo encontrado (get_status retornou None ou disabled)
2026-03-22 00:23:23 | WARNING  | engine               | [SIGNAL] Nenhum usu·rio ativo encontrado (get_status retornou None ou disabled)
2026-03-22 00:23:27 | WARNING  | engine               | [SIGNAL] Nenhum usu·rio ativo encontrado (get_status retornou None ou disabled)
2026-03-22 00:23:31 | WARNING  | engine               | [SIGNAL] Nenhum usu·rio ativo encontrado (get_status retornou None ou disabled)
2026-03-22 00:23:42 | WARNING  | engine               | [SIGNAL] Nenhum usu·rio ativo encontrado (get_status retornou None ou disabled)
2026-03-22 00:23:44 | WARNING  | engine               | [SIGNAL] Nenhum usu·rio ativo encontrado (get_status retornou None ou disabled)
2026-03-22 00:23:48 | WARNING  | engine               | [SIGNAL] Nenhum usu·rio ativo encontrado (get_status retornou None ou disabled)
2026-03-22 00:24:41 | WARNING  | engine               | [SIGNAL] Nenhum usu·rio ativo encontrado (get_status retornou None ou disabled)
2026-03-22 00:24:52 | WARNING  | engine               | [SIGNAL] Nenhum usu·rio ativo encontrado (get_status retornou None ou disabled)
2026-03-22 00:24:52 | WARNING  | engine               | [SIGNAL] Nenhum usu·rio ativo encontrado (get_status retornou None ou disabled)
2026-03-22 00:25:13 | WARNING  | engine               | [SIGNAL] Nenhum usu·rio ativo encontrado (get_status retornou None ou disabled)
2026-03-22 00:25:29 | WARNING  | engine               | [SIGNAL] Nenhum usu·rio ativo encontrado (get_status retornou None ou disabled)
2026-03-22 00:25:34 | WARNING  | engine               | [SIGNAL] Nenhum usu·rio ativo encontrado (get_status retornou None ou disabled)
2026-03-22 00:25:51 | WARNING  | engine               | [SIGNAL] Nenhum usu·rio ativo encontrado (get_status retornou None ou disabled)
2026-03-22 00:25:53 | WARNING  | engine               | [SIGNAL] Nenhum usu·rio ativo encontrado (get_status retornou None ou disabled)
2026-03-22 00:26:11 | WARNING  | engine               | [SIGNAL] Nenhum usu·rio ativo encontrado (get_status retornou None ou disabled)
2026-03-22 00:26:22 | WARNING  | engine               | [SIGNAL] Nenhum usu·rio ativo encontrado (get_status retornou None ou disabled)
2026-03-22 00:26:53 | WARNING  | engine               | [SIGNAL] Nenhum usu·rio ativo encontrado (get_status retornou None ou disabled)
2026-03-22 00:27:09 | WARNING  | engine               | [SIGNAL] Nenhum usu·rio ativo encontrado (get_status retornou None ou disabled)
